----------------
running with GPU
----------------
input file data/input/toyDetector_1000.csv
output file data/output/toyDetector_1000_3_5_5_8.csv
Start to load input points
Finished loading input points
Start to run CLUE algorithm
==59001== NVPROF is profiling process 59001, command: ./main toyDetector_1000 3 5 5 8 1 10 0
Elapsed time: 1.4412 ms
Elapsed time: 1.30395 ms
Elapsed time: 1.30069 ms
Elapsed time: 1.30157 ms
Elapsed time: 1.3022 ms
Elapsed time: 1.30265 ms
Elapsed time: 1.29112 ms
Elapsed time: 1.28722 ms
Elapsed time: 1.29057 ms
Elapsed time: 1.29868 ms
Finished running CLUE algorithm

==59001== Profiling application: ./main toyDetector_1000 3 5 5 8 1 10 0
==59001== Profiling result:
            Type  Time(%)      Time     Calls       Avg       Min       Max  Name
 GPU activities:   33.52%  1.4098ms        40  35.246us  34.880us  35.840us  [CUDA memcpy HtoD]
                   19.29%  811.39us        10  81.138us  79.904us  82.271us  kernel_compute_distanceToHigher(LayerTilesGPU*, PointsPtr, float, int)
                   13.51%  568.03us        10  56.802us  55.872us  57.568us  kernel_compute_density(LayerTilesGPU*, PointsPtr, float, int)
                   12.04%  506.43us        10  50.643us  50.176us  51.168us  kernel_assign_clusters(GPU::VecArray<int, int=100000> const *, GPU::VecArray<int, int=20> const *, PointsPtr, int)
                    7.61%  319.90us        10  31.990us  31.680us  32.544us  [CUDA memcpy DtoH]
                    6.92%  290.94us        10  29.094us  27.520us  30.976us  kernel_compute_histogram(LayerTilesGPU*, PointsPtr, int)
                    4.98%  209.47us        10  20.947us  19.616us  22.048us  kernel_find_clusters(GPU::VecArray<int, int=100000>*, GPU::VecArray<int, int=20>*, PointsPtr, float, float, float, int)
                    2.13%  89.791us        80  1.1220us  1.0880us  1.4080us  [CUDA memset]
      API calls:   95.29%  386.93ms        12  32.244ms  191.13us  381.20ms  cudaMalloc
                    2.80%  11.372ms        50  227.45us  137.17us  519.42us  cudaMemcpy
                    0.70%  2.8450ms        12  237.08us  193.54us  424.16us  cudaFree
                    0.40%  1.6411ms         2  820.53us  545.34us  1.0957ms  cuDeviceTotalMem
                    0.37%  1.4837ms       194  7.6480us     178ns  317.12us  cuDeviceGetAttribute
                    0.26%  1.0692ms        80  13.364us  9.5110us  76.253us  cudaMemset
                    0.14%  557.02us        50  11.140us  8.4500us  55.105us  cudaLaunchKernel
                    0.03%  131.36us         2  65.680us  64.290us  67.070us  cuDeviceGetName
                    0.00%  10.250us         2  5.1250us  2.1610us  8.0890us  cuDeviceGetPCIBusId
                    0.00%  1.8220us         4     455ns     182ns  1.0390us  cuDeviceGet
                    0.00%  1.6780us         3     559ns     192ns  1.1820us  cuDeviceGetCount
                    0.00%     645ns         2     322ns     268ns     377ns  cuDeviceGetUuid
input file data/input/toyDetector_2000.csv
output file data/output/toyDetector_2000_3_5_5_8.csv
Start to load input points
Finished loading input points
Start to run CLUE algorithm
==59026== NVPROF is profiling process 59026, command: ./main toyDetector_2000 3 5 5 8 1 10 0
Elapsed time: 2.41159 ms
Elapsed time: 2.28602 ms
Elapsed time: 2.2953 ms
Elapsed time: 2.27411 ms
Elapsed time: 2.25309 ms
Elapsed time: 2.26526 ms
Elapsed time: 2.26351 ms
Elapsed time: 2.27446 ms
Elapsed time: 2.28775 ms
Elapsed time: 2.26824 ms
Finished running CLUE algorithm

==59026== Profiling application: ./main toyDetector_2000 3 5 5 8 1 10 0
==59026== Profiling result:
            Type  Time(%)      Time     Calls       Avg       Min       Max  Name
 GPU activities:   33.98%  2.7099ms        40  67.746us  67.392us  68.160us  [CUDA memcpy HtoD]
                   18.21%  1.4524ms        10  145.24us  144.03us  146.91us  kernel_compute_distanceToHigher(LayerTilesGPU*, PointsPtr, float, int)
                   14.39%  1.1474ms        10  114.74us  112.86us  116.93us  kernel_compute_density(LayerTilesGPU*, PointsPtr, float, int)
                    9.33%  744.16us        10  74.415us  73.535us  75.328us  kernel_assign_clusters(GPU::VecArray<int, int=100000> const *, GPU::VecArray<int, int=20> const *, PointsPtr, int)
                    7.84%  625.50us        10  62.550us  59.904us  68.511us  kernel_compute_histogram(LayerTilesGPU*, PointsPtr, int)
                    7.79%  621.37us        10  62.137us  61.888us  63.071us  [CUDA memcpy DtoH]
                    7.33%  584.89us        10  58.489us  54.623us  62.912us  kernel_find_clusters(GPU::VecArray<int, int=100000>*, GPU::VecArray<int, int=20>*, PointsPtr, float, float, float, int)
                    1.12%  89.600us        80  1.1200us  1.0880us  1.4400us  [CUDA memset]
      API calls:   92.85%  376.91ms        12  31.409ms  192.27us  371.15ms  cudaMalloc
                    5.16%  20.960ms        50  419.20us  256.64us  903.11us  cudaMemcpy
                    0.72%  2.9343ms        12  244.53us  192.19us  430.79us  cudaFree
                    0.40%  1.6437ms         2  821.85us  553.97us  1.0897ms  cuDeviceTotalMem
                    0.38%  1.5506ms       194  7.9920us     180ns  354.12us  cuDeviceGetAttribute
                    0.29%  1.1740ms        80  14.674us  10.282us  91.285us  cudaMemset
                    0.15%  590.89us        50  11.817us  8.4080us  55.843us  cudaLaunchKernel
                    0.03%  131.05us         2  65.524us  64.325us  66.724us  cuDeviceGetName
                    0.00%  13.989us         2  6.9940us  2.1390us  11.850us  cuDeviceGetPCIBusId
                    0.00%  2.0440us         4     511ns     205ns  1.2510us  cuDeviceGet
                    0.00%  1.7490us         3     583ns     177ns  1.2500us  cuDeviceGetCount
                    0.00%     603ns         2     301ns     246ns     357ns  cuDeviceGetUuid
input file data/input/toyDetector_3000.csv
output file data/output/toyDetector_3000_3_5_5_8.csv
Start to load input points
Finished loading input points
Start to run CLUE algorithm
==59051== NVPROF is profiling process 59051, command: ./main toyDetector_3000 3 5 5 8 1 10 0
Elapsed time: 3.15959 ms
Elapsed time: 3.06356 ms
Elapsed time: 3.04772 ms
Elapsed time: 3.05665 ms
Elapsed time: 3.04001 ms
Elapsed time: 3.04723 ms
Elapsed time: 3.06075 ms
Elapsed time: 3.05684 ms
Elapsed time: 3.04978 ms
Elapsed time: 3.06159 ms
Finished running CLUE algorithm

==59051== Profiling application: ./main toyDetector_3000 3 5 5 8 1 10 0
==59051== Profiling result:
            Type  Time(%)      Time     Calls       Avg       Min       Max  Name
 GPU activities:   36.72%  4.1312ms        40  103.28us  102.91us  104.54us  [CUDA memcpy HtoD]
                   17.92%  2.0164ms        10  201.64us  200.19us  204.67us  kernel_compute_distanceToHigher(LayerTilesGPU*, PointsPtr, float, int)
                   12.16%  1.3678ms        10  136.78us  134.75us  138.14us  kernel_compute_density(LayerTilesGPU*, PointsPtr, float, int)
                    8.77%  986.65us        10  98.665us  94.464us  105.79us  kernel_compute_histogram(LayerTilesGPU*, PointsPtr, int)
                    8.40%  945.09us        10  94.508us  94.271us  94.944us  [CUDA memcpy DtoH]
                    8.01%  900.96us        10  90.095us  87.648us  94.144us  kernel_find_clusters(GPU::VecArray<int, int=100000>*, GPU::VecArray<int, int=20>*, PointsPtr, float, float, float, int)
                    7.22%  812.57us        10  81.257us  79.967us  83.008us  kernel_assign_clusters(GPU::VecArray<int, int=100000> const *, GPU::VecArray<int, int=20> const *, PointsPtr, int)
                    0.80%  89.503us        80  1.1180us  1.0880us  1.4720us  [CUDA memset]
      API calls:   91.26%  383.50ms        12  31.958ms  190.77us  377.76ms  cudaMalloc
                    6.81%  28.609ms        50  572.18us  387.95us  1.2050ms  cudaMemcpy
                    0.70%  2.9572ms        12  246.43us  194.51us  428.03us  cudaFree
                    0.39%  1.6480ms         2  824.00us  554.84us  1.0932ms  cuDeviceTotalMem
                    0.36%  1.5201ms       194  7.8350us     175ns  356.44us  cuDeviceGetAttribute
                    0.30%  1.2505ms        80  15.631us  10.150us  77.595us  cudaMemset
                    0.15%  613.63us        50  12.272us  8.8390us  59.118us  cudaLaunchKernel
                    0.03%  130.37us         2  65.185us  64.029us  66.342us  cuDeviceGetName
                    0.00%  13.549us         2  6.7740us  2.4070us  11.142us  cuDeviceGetPCIBusId
                    0.00%  2.0660us         4     516ns     195ns  1.2090us  cuDeviceGet
                    0.00%  1.8580us         3     619ns     205ns  1.2680us  cuDeviceGetCount
                    0.00%     678ns         2     339ns     295ns     383ns  cuDeviceGetUuid
input file data/input/toyDetector_4000.csv
output file data/output/toyDetector_4000_3_5_5_8.csv
Start to load input points
Finished loading input points
Start to run CLUE algorithm
==59078== NVPROF is profiling process 59078, command: ./main toyDetector_4000 3 5 5 8 1 10 0
Elapsed time: 4.02169 ms
Elapsed time: 3.95311 ms
Elapsed time: 3.9295 ms
Elapsed time: 3.92612 ms
Elapsed time: 3.91885 ms
Elapsed time: 3.92052 ms
Elapsed time: 3.93429 ms
Elapsed time: 3.91521 ms
Elapsed time: 3.93723 ms
Elapsed time: 3.92104 ms
Finished running CLUE algorithm

==59078== Profiling application: ./main toyDetector_4000 3 5 5 8 1 10 0
==59078== Profiling result:
            Type  Time(%)      Time     Calls       Avg       Min       Max  Name
 GPU activities:   45.98%  8.5381ms        40  213.45us  208.86us  223.10us  [CUDA memcpy HtoD]
                   15.89%  2.9503ms        10  295.03us  293.57us  297.82us  kernel_compute_distanceToHigher(LayerTilesGPU*, PointsPtr, float, int)
                   10.96%  2.0361ms        10  203.61us  201.92us  204.99us  kernel_compute_density(LayerTilesGPU*, PointsPtr, float, int)
                    6.81%  1.2647ms        10  126.47us  123.78us  131.39us  kernel_compute_histogram(LayerTilesGPU*, PointsPtr, int)
                    6.72%  1.2486ms        10  124.86us  124.61us  125.92us  [CUDA memcpy DtoH]
                    6.59%  1.2235ms        10  122.35us  120.93us  125.76us  kernel_assign_clusters(GPU::VecArray<int, int=100000> const *, GPU::VecArray<int, int=20> const *, PointsPtr, int)
                    6.57%  1.2206ms        10  122.06us  118.21us  126.75us  kernel_find_clusters(GPU::VecArray<int, int=100000>*, GPU::VecArray<int, int=20>*, PointsPtr, float, float, float, int)
                    0.48%  89.280us        80  1.1160us  1.0880us  1.3760us  [CUDA memset]
      API calls:   88.56%  353.28ms        12  29.440ms  197.77us  347.48ms  cudaMalloc
                    9.34%  37.259ms        50  745.19us  516.94us  1.6175ms  cudaMemcpy
                    0.74%  2.9718ms        12  247.65us  195.64us  428.77us  cudaFree
                    0.44%  1.7550ms         2  877.49us  573.58us  1.1814ms  cuDeviceTotalMem
                    0.39%  1.5525ms       194  8.0020us     210ns  335.89us  cuDeviceGetAttribute
                    0.33%  1.3095ms        80  16.368us  10.202us  83.838us  cudaMemset
                    0.16%  639.49us        50  12.789us  9.1320us  60.419us  cudaLaunchKernel
                    0.03%  137.72us         2  68.859us  68.022us  69.697us  cuDeviceGetName
                    0.00%  18.630us         2  9.3150us  3.4540us  15.176us  cuDeviceGetPCIBusId
                    0.00%  2.0760us         4     519ns     242ns     949ns  cuDeviceGet
                    0.00%  1.9590us         3     653ns     237ns  1.3980us  cuDeviceGetCount
                    0.00%     633ns         2     316ns     260ns     373ns  cuDeviceGetUuid
input file data/input/toyDetector_5000.csv
output file data/output/toyDetector_5000_3_5_5_8.csv
Start to load input points
Finished loading input points
Start to run CLUE algorithm
==59115== NVPROF is profiling process 59115, command: ./main toyDetector_5000 3 5 5 8 1 10 0
Elapsed time: 4.97167 ms
Elapsed time: 4.84151 ms
Elapsed time: 4.85533 ms
Elapsed time: 4.85165 ms
Elapsed time: 4.84418 ms
Elapsed time: 4.8488 ms
Elapsed time: 4.84169 ms
Elapsed time: 4.84494 ms
Elapsed time: 4.82868 ms
Elapsed time: 4.86927 ms
Finished running CLUE algorithm

==59115== Profiling application: ./main toyDetector_5000 3 5 5 8 1 10 0
==59115== Profiling result:
            Type  Time(%)      Time     Calls       Avg       Min       Max  Name
 GPU activities:   53.39%  14.584ms        40  364.60us  357.57us  388.41us  [CUDA memcpy HtoD]
                   14.59%  3.9841ms        10  398.41us  397.15us  400.48us  kernel_compute_distanceToHigher(LayerTilesGPU*, PointsPtr, float, int)
                    9.18%  2.5069ms        10  250.69us  248.29us  253.89us  kernel_compute_density(LayerTilesGPU*, PointsPtr, float, int)
                    5.90%  1.6104ms        10  161.04us  150.59us  168.42us  kernel_compute_histogram(LayerTilesGPU*, PointsPtr, int)
                    5.74%  1.5672ms        10  156.72us  153.31us  166.85us  kernel_find_clusters(GPU::VecArray<int, int=100000>*, GPU::VecArray<int, int=20>*, PointsPtr, float, float, float, int)
                    5.68%  1.5529ms        10  155.29us  154.88us  156.67us  [CUDA memcpy DtoH]
                    5.20%  1.4205ms        10  142.05us  140.83us  143.90us  kernel_assign_clusters(GPU::VecArray<int, int=100000> const *, GPU::VecArray<int, int=20> const *, PointsPtr, int)
                    0.33%  89.568us        80  1.1190us  1.0880us  1.4400us  [CUDA memset]
      API calls:   87.06%  368.94ms        12  30.745ms  192.54us  363.21ms  cudaMalloc
                   10.94%  46.355ms        50  927.09us  628.04us  1.9457ms  cudaMemcpy
                    0.70%  2.9727ms        12  247.73us  194.95us  425.93us  cudaFree
                    0.41%  1.7351ms         2  867.55us  599.05us  1.1360ms  cuDeviceTotalMem
                    0.37%  1.5490ms       194  7.9840us     186ns  333.00us  cuDeviceGetAttribute
                    0.33%  1.3795ms        80  17.243us  10.447us  90.794us  cudaMemset
                    0.16%  673.90us        50  13.477us  9.4090us  64.884us  cudaLaunchKernel
                    0.03%  137.56us         2  68.781us  66.899us  70.664us  cuDeviceGetName
                    0.00%  15.091us         2  7.5450us  2.2570us  12.834us  cuDeviceGetPCIBusId
                    0.00%  1.8270us         3     609ns     205ns  1.2880us  cuDeviceGetCount
                    0.00%  1.5870us         4     396ns     202ns     722ns  cuDeviceGet
                    0.00%     778ns         2     389ns     229ns     549ns  cuDeviceGetUuid
input file data/input/toyDetector_6000.csv
output file data/output/toyDetector_6000_3_5_5_8.csv
Start to load input points
Finished loading input points
Start to run CLUE algorithm
==59141== NVPROF is profiling process 59141, command: ./main toyDetector_6000 3 5 5 8 1 10 0
Elapsed time: 4.59977 ms
Elapsed time: 4.55763 ms
Elapsed time: 4.55777 ms
Elapsed time: 4.57769 ms
Elapsed time: 4.55857 ms
Elapsed time: 4.56724 ms
Elapsed time: 4.57616 ms
Elapsed time: 4.57174 ms
Elapsed time: 4.59996 ms
Elapsed time: 4.55412 ms
Finished running CLUE algorithm

==59141== Profiling application: ./main toyDetector_6000 3 5 5 8 1 10 0
==59141== Profiling result:
            Type  Time(%)      Time     Calls       Avg       Min       Max  Name
 GPU activities:   46.20%  13.921ms        40  348.02us  342.30us  364.09us  [CUDA memcpy HtoD]
                   15.42%  4.6462ms        10  464.62us  463.45us  466.24us  kernel_compute_distanceToHigher(LayerTilesGPU*, PointsPtr, float, int)
                   11.28%  3.4001ms        10  340.01us  317.85us  348.96us  [CUDA memcpy DtoH]
                    9.39%  2.8309ms        10  283.09us  281.02us  285.63us  kernel_compute_density(LayerTilesGPU*, PointsPtr, float, int)
                    6.32%  1.9050ms        10  190.50us  185.82us  195.26us  kernel_compute_histogram(LayerTilesGPU*, PointsPtr, int)
                    6.17%  1.8603ms        10  186.03us  178.50us  194.50us  kernel_find_clusters(GPU::VecArray<int, int=100000>*, GPU::VecArray<int, int=20>*, PointsPtr, float, float, float, int)
                    4.92%  1.4831ms        10  148.31us  147.46us  150.30us  kernel_assign_clusters(GPU::VecArray<int, int=100000> const *, GPU::VecArray<int, int=20> const *, PointsPtr, int)
                    0.29%  86.944us        80  1.0860us  1.0560us  1.3760us  [CUDA memset]
      API calls:   84.94%  290.50ms        12  24.209ms  149.09us  285.20ms  cudaMalloc
                   12.89%  44.096ms        50  881.93us  555.48us  2.1147ms  cudaMemcpy
                    0.68%  2.3113ms        12  192.61us  151.44us  326.07us  cudaFree
                    0.53%  1.8246ms         2  912.32us  607.85us  1.2168ms  cuDeviceTotalMem
                    0.48%  1.6583ms       194  8.5470us     194ns  386.35us  cuDeviceGetAttribute
                    0.29%  975.60us        80  12.194us  6.8170us  70.622us  cudaMemset
                    0.14%  489.80us        50  9.7950us  6.5430us  52.846us  cudaLaunchKernel
                    0.04%  143.65us         2  71.825us  70.323us  73.327us  cuDeviceGetName
                    0.01%  20.762us         2  10.381us  2.7240us  18.038us  cuDeviceGetPCIBusId
                    0.00%  2.8510us         4     712ns     215ns  1.3650us  cuDeviceGet
                    0.00%  1.8690us         3     623ns     187ns  1.2510us  cuDeviceGetCount
                    0.00%     693ns         2     346ns     317ns     376ns  cuDeviceGetUuid
input file data/input/toyDetector_7000.csv
output file data/output/toyDetector_7000_3_5_5_8.csv
Start to load input points
Finished loading input points
Start to run CLUE algorithm
==59166== NVPROF is profiling process 59166, command: ./main toyDetector_7000 3 5 5 8 1 10 0
Elapsed time: 6.64766 ms
Elapsed time: 6.51104 ms
Elapsed time: 6.38218 ms
Elapsed time: 6.40286 ms
Elapsed time: 6.39358 ms
Elapsed time: 6.3927 ms
Elapsed time: 6.40603 ms
Elapsed time: 6.40269 ms
Elapsed time: 6.37729 ms
Elapsed time: 6.41599 ms
Finished running CLUE algorithm

==59166== Profiling application: ./main toyDetector_7000 3 5 5 8 1 10 0
==59166== Profiling result:
            Type  Time(%)      Time     Calls       Avg       Min       Max  Name
 GPU activities:   52.86%  22.879ms        40  571.97us  558.72us  612.03us  [CUDA memcpy HtoD]
                   13.34%  5.7742ms        10  577.42us  574.11us  579.55us  kernel_compute_distanceToHigher(LayerTilesGPU*, PointsPtr, float, int)
                   10.47%  4.5312ms        10  453.12us  448.19us  459.20us  [CUDA memcpy DtoH]
                    8.16%  3.5339ms        10  353.39us  351.26us  356.86us  kernel_compute_density(LayerTilesGPU*, PointsPtr, float, int)
                    5.23%  2.2625ms        10  226.25us  212.48us  233.82us  kernel_find_clusters(GPU::VecArray<int, int=100000>*, GPU::VecArray<int, int=20>*, PointsPtr, float, float, float, int)
                    4.99%  2.1596ms        10  215.96us  210.43us  222.40us  kernel_compute_histogram(LayerTilesGPU*, PointsPtr, int)
                    4.74%  2.0515ms        10  205.15us  203.20us  207.39us  kernel_assign_clusters(GPU::VecArray<int, int=100000> const *, GPU::VecArray<int, int=20> const *, PointsPtr, int)
                    0.21%  89.504us        80  1.1180us  1.0880us  1.4080us  [CUDA memset]
      API calls:   83.85%  364.91ms        12  30.409ms  191.85us  359.17ms  cudaMalloc
                   14.26%  62.047ms        50  1.2409ms  850.87us  2.6903ms  cudaMemcpy
                    0.66%  2.8840ms        12  240.33us  185.43us  411.48us  cudaFree
                    0.38%  1.6372ms         2  818.60us  545.36us  1.0918ms  cuDeviceTotalMem
                    0.34%  1.4882ms       194  7.6710us     175ns  319.57us  cuDeviceGetAttribute
                    0.32%  1.3781ms        80  17.225us  9.8370us  100.17us  cudaMemset
                    0.16%  684.00us        50  13.680us  9.1950us  70.263us  cudaLaunchKernel
                    0.04%  164.69us         2  82.346us  66.795us  97.898us  cuDeviceGetName
                    0.00%  13.834us         2  6.9170us  2.5870us  11.247us  cuDeviceGetPCIBusId
                    0.00%  1.8250us         4     456ns     192ns  1.0800us  cuDeviceGet
                    0.00%  1.8100us         3     603ns     178ns  1.3020us  cuDeviceGetCount
                    0.00%     586ns         2     293ns     236ns     350ns  cuDeviceGetUuid
input file data/input/toyDetector_8000.csv
output file data/output/toyDetector_8000_3_5_5_8.csv
Start to load input points
Finished loading input points
Start to run CLUE algorithm
==59192== NVPROF is profiling process 59192, command: ./main toyDetector_8000 3 5 5 8 1 10 0
Elapsed time: 7.56354 ms
Elapsed time: 7.2878 ms
Elapsed time: 6.57568 ms
Elapsed time: 6.5872 ms
Elapsed time: 6.61407 ms
Elapsed time: 6.59333 ms
Elapsed time: 6.58726 ms
Elapsed time: 6.59061 ms
Elapsed time: 6.62705 ms
Elapsed time: 6.59525 ms
Finished running CLUE algorithm

==59192== Profiling application: ./main toyDetector_8000 3 5 5 8 1 10 0
==59192== Profiling result:
            Type  Time(%)      Time     Calls       Avg       Min       Max  Name
 GPU activities:   50.63%  25.287ms        40  632.19us  605.18us  730.36us  [CUDA memcpy HtoD]
                   14.00%  6.9916ms        10  699.16us  695.32us  702.27us  kernel_compute_distanceToHigher(LayerTilesGPU*, PointsPtr, float, int)
                   12.78%  6.3851ms        10  638.51us  615.29us  712.92us  [CUDA memcpy DtoH]
                    7.85%  3.9210ms        10  392.10us  388.51us  394.75us  kernel_compute_density(LayerTilesGPU*, PointsPtr, float, int)
                    5.33%  2.6624ms        10  266.25us  260.73us  274.82us  kernel_find_clusters(GPU::VecArray<int, int=100000>*, GPU::VecArray<int, int=20>*, PointsPtr, float, float, float, int)
                    4.69%  2.3402ms        10  234.02us  227.33us  237.86us  kernel_compute_histogram(LayerTilesGPU*, PointsPtr, int)
                    4.54%  2.2700ms        10  227.00us  224.09us  230.59us  kernel_assign_clusters(GPU::VecArray<int, int=100000> const *, GPU::VecArray<int, int=20> const *, PointsPtr, int)
                    0.18%  88.351us        80  1.1040us  1.0550us  1.3440us  [CUDA memset]
      API calls:   83.45%  369.40ms        12  30.783ms  196.06us  363.62ms  cudaMalloc
                   14.78%  65.404ms        50  1.3081ms  825.20us  3.0560ms  cudaMemcpy
                    0.65%  2.8773ms        12  239.77us  188.71us  426.60us  cudaFree
                    0.33%  1.4646ms         2  732.32us  492.90us  971.74us  cuDeviceTotalMem
                    0.31%  1.3667ms       194  7.0440us     156ns  324.06us  cuDeviceGetAttribute
                    0.30%  1.3480ms        80  16.849us  9.6570us  93.276us  cudaMemset
                    0.15%  663.30us        50  13.265us  8.8370us  77.065us  cudaLaunchKernel
                    0.03%  116.70us         2  58.350us  57.402us  59.298us  cuDeviceGetName
                    0.00%  11.835us         2  5.9170us  1.9950us  9.8400us  cuDeviceGetPCIBusId
                    0.00%  1.2330us         4     308ns     157ns     582ns  cuDeviceGet
                    0.00%  1.2180us         3     406ns     169ns     780ns  cuDeviceGetCount
                    0.00%     537ns         2     268ns     224ns     313ns  cuDeviceGetUuid
input file data/input/toyDetector_9000.csv
output file data/output/toyDetector_9000_3_5_5_8.csv
Start to load input points
Finished loading input points
Start to run CLUE algorithm
==59217== NVPROF is profiling process 59217, command: ./main toyDetector_9000 3 5 5 8 1 10 0
Elapsed time: 8.40189 ms
Elapsed time: 8.27987 ms
Elapsed time: 8.27562 ms
Elapsed time: 8.24867 ms
Elapsed time: 8.26173 ms
Elapsed time: 8.2489 ms
Elapsed time: 8.24254 ms
Elapsed time: 8.25527 ms
Elapsed time: 8.23717 ms
Elapsed time: 8.25297 ms
Finished running CLUE algorithm

==59217== Profiling application: ./main toyDetector_9000 3 5 5 8 1 10 0
==59217== Profiling result:
            Type  Time(%)      Time     Calls       Avg       Min       Max  Name
 GPU activities:   53.53%  32.933ms        40  823.33us  808.19us  838.65us  [CUDA memcpy HtoD]
                   13.03%  8.0131ms        10  801.31us  797.79us  803.61us  kernel_compute_distanceToHigher(LayerTilesGPU*, PointsPtr, float, int)
                   11.95%  7.3540ms        10  735.40us  728.09us  738.75us  [CUDA memcpy DtoH]
                    7.39%  4.5456ms        10  454.56us  452.00us  458.43us  kernel_compute_density(LayerTilesGPU*, PointsPtr, float, int)
                    4.93%  3.0336ms        10  303.36us  294.85us  312.93us  kernel_find_clusters(GPU::VecArray<int, int=100000>*, GPU::VecArray<int, int=20>*, PointsPtr, float, float, float, int)
                    4.89%  3.0053ms        10  300.53us  298.01us  304.67us  kernel_assign_clusters(GPU::VecArray<int, int=100000> const *, GPU::VecArray<int, int=20> const *, PointsPtr, int)
                    4.15%  2.5513ms        10  255.13us  248.51us  263.77us  kernel_compute_histogram(LayerTilesGPU*, PointsPtr, int)
                    0.14%  83.360us        80  1.0420us  1.0240us  1.1520us  [CUDA memset]
      API calls:   82.50%  422.67ms        12  35.222ms  190.16us  416.93ms  cudaMalloc
                   15.73%  80.613ms        50  1.6123ms  1.1339ms  3.4800ms  cudaMemcpy
                    0.58%  2.9470ms        12  245.59us  193.10us  433.44us  cudaFree
                    0.41%  2.1250ms         2  1.0625ms  713.43us  1.4116ms  cuDeviceTotalMem
                    0.37%  1.9115ms       194  9.8530us     230ns  473.99us  cuDeviceGetAttribute
                    0.25%  1.2562ms        80  15.702us  8.8850us  91.808us  cudaMemset
                    0.12%  628.07us        50  12.561us  8.5900us  75.056us  cudaLaunchKernel
                    0.03%  162.63us         2  81.315us  80.024us  82.606us  cuDeviceGetName
                    0.00%  19.122us         2  9.5610us  3.8170us  15.305us  cuDeviceGetPCIBusId
                    0.00%  2.2540us         3     751ns     254ns  1.6390us  cuDeviceGetCount
                    0.00%  2.1390us         4     534ns     237ns  1.2140us  cuDeviceGet
                    0.00%     832ns         2     416ns     370ns     462ns  cuDeviceGetUuid
input file data/input/toyDetector_10000.csv
output file data/output/toyDetector_10000_3_5_5_8.csv
Start to load input points
Finished loading input points
Start to run CLUE algorithm
==59243== NVPROF is profiling process 59243, command: ./main toyDetector_10000 3 5 5 8 1 10 0
Elapsed time: 9.38972 ms
Elapsed time: 9.26106 ms
Elapsed time: 9.23776 ms
Elapsed time: 9.2628 ms
Elapsed time: 8.14713 ms
Elapsed time: 8.29944 ms
Elapsed time: 8.14074 ms
Elapsed time: 8.29977 ms
Elapsed time: 8.30266 ms
Elapsed time: 8.46397 ms
Finished running CLUE algorithm

==59243== Profiling application: ./main toyDetector_10000 3 5 5 8 1 10 0
==59243== Profiling result:
            Type  Time(%)      Time     Calls       Avg       Min       Max  Name
 GPU activities:   53.22%  35.367ms        40  884.18us  801.53us  983.80us  [CUDA memcpy HtoD]
                   13.31%  8.8446ms        10  884.46us  881.28us  887.80us  kernel_compute_distanceToHigher(LayerTilesGPU*, PointsPtr, float, int)
                   11.08%  7.3656ms        10  736.56us  676.80us  808.96us  [CUDA memcpy DtoH]
                    7.65%  5.0852ms        10  508.52us  503.58us  514.56us  kernel_compute_density(LayerTilesGPU*, PointsPtr, float, int)
                    5.34%  3.5504ms        10  355.04us  349.66us  359.45us  kernel_assign_clusters(GPU::VecArray<int, int=100000> const *, GPU::VecArray<int, int=20> const *, PointsPtr, int)
                    5.09%  3.3805ms        10  338.05us  328.96us  349.09us  kernel_find_clusters(GPU::VecArray<int, int=100000>*, GPU::VecArray<int, int=20>*, PointsPtr, float, float, float, int)
                    4.19%  2.7821ms        10  278.21us  271.20us  282.53us  kernel_compute_histogram(LayerTilesGPU*, PointsPtr, int)
                    0.13%  84.160us        80  1.0520us     992ns  1.5680us  [CUDA memset]
      API calls:   80.28%  378.99ms        12  31.583ms  191.69us  373.21ms  cudaMalloc
                   17.92%  84.612ms        50  1.6922ms  1.0354ms  3.9165ms  cudaMemcpy
                    0.61%  2.8957ms        12  241.30us  189.18us  416.03us  cudaFree
                    0.39%  1.8386ms         2  919.32us  624.49us  1.2142ms  cuDeviceTotalMem
                    0.34%  1.5964ms       194  8.2290us     194ns  340.68us  cuDeviceGetAttribute
                    0.28%  1.3033ms        80  16.291us  9.4460us  94.104us  cudaMemset
                    0.14%  679.81us        50  13.596us  9.1300us  79.411us  cudaLaunchKernel
                    0.03%  141.34us         2  70.667us  69.837us  71.498us  cuDeviceGetName
                    0.00%  17.010us         2  8.5050us  2.3990us  14.611us  cuDeviceGetPCIBusId
                    0.00%  2.5300us         4     632ns     209ns  1.0550us  cuDeviceGet
                    0.00%  2.0200us         3     673ns     238ns  1.3110us  cuDeviceGetCount
                    0.00%     710ns         2     355ns     294ns     416ns  cuDeviceGetUuid

