----------------
running with CPU
----------------
input file data/input/toyDetector_1000.csv
output file data/output/toyDetector_1000_3_5_5_8.csv
Start to load input points
Finished loading input points
Start to run CLUE algorithm
Elapsed time: 85.5994 ms
Elapsed time: 62.0037 ms
Elapsed time: 61.998 ms
Elapsed time: 62.0113 ms
Elapsed time: 62.1943 ms
Elapsed time: 62.3622 ms
Elapsed time: 61.8624 ms
Elapsed time: 61.9436 ms
Elapsed time: 61.9589 ms
Elapsed time: 57.5319 ms
Finished running CLUE algorithm

input file data/input/toyDetector_2000.csv
output file data/output/toyDetector_2000_3_5_5_8.csv
Start to load input points
Finished loading input points
Start to run CLUE algorithm
Elapsed time: 125.066 ms
Elapsed time: 105.206 ms
Elapsed time: 104.613 ms
Elapsed time: 104.201 ms
Elapsed time: 105.047 ms
Elapsed time: 105.133 ms
Elapsed time: 104.604 ms
Elapsed time: 104.467 ms
Elapsed time: 105.05 ms
Elapsed time: 104.906 ms
Finished running CLUE algorithm

input file data/input/toyDetector_3000.csv
output file data/output/toyDetector_3000_3_5_5_8.csv
Start to load input points
Finished loading input points
Start to run CLUE algorithm
Elapsed time: 175.259 ms
Elapsed time: 165.114 ms
Elapsed time: 160.115 ms
Elapsed time: 159.403 ms
Elapsed time: 160.779 ms
Elapsed time: 159.345 ms
Elapsed time: 160.444 ms
Elapsed time: 161.673 ms
Elapsed time: 159.764 ms
Elapsed time: 159.442 ms
Finished running CLUE algorithm

input file data/input/toyDetector_4000.csv
output file data/output/toyDetector_4000_3_5_5_8.csv
Start to load input points
Finished loading input points
Start to run CLUE algorithm
Elapsed time: 251.515 ms
Elapsed time: 236.079 ms
Elapsed time: 233.886 ms
Elapsed time: 235.759 ms
Elapsed time: 233.997 ms
Elapsed time: 235.92 ms
Elapsed time: 239.505 ms
Elapsed time: 255.845 ms
Elapsed time: 233.788 ms
Elapsed time: 236.344 ms
Finished running CLUE algorithm

input file data/input/toyDetector_5000.csv
output file data/output/toyDetector_5000_3_5_5_8.csv
Start to load input points
Finished loading input points
Start to run CLUE algorithm
Elapsed time: 312.916 ms
Elapsed time: 302.069 ms
Elapsed time: 296.205 ms
Elapsed time: 295.62 ms
Elapsed time: 295.561 ms
Elapsed time: 318.136 ms
Elapsed time: 300.218 ms
Elapsed time: 294.865 ms
Elapsed time: 296.697 ms
Elapsed time: 294.99 ms
Finished running CLUE algorithm

input file data/input/toyDetector_6000.csv
output file data/output/toyDetector_6000_3_5_5_8.csv
Start to load input points
Finished loading input points
Start to run CLUE algorithm
Elapsed time: 377.2 ms
Elapsed time: 354.711 ms
Elapsed time: 352.252 ms
Elapsed time: 353.364 ms
Elapsed time: 384.537 ms
Elapsed time: 353.225 ms
Elapsed time: 352.854 ms
Elapsed time: 353.604 ms
Elapsed time: 358.978 ms
Elapsed time: 375.466 ms
Finished running CLUE algorithm

input file data/input/toyDetector_7000.csv
output file data/output/toyDetector_7000_3_5_5_8.csv
Start to load input points
Finished loading input points
Start to run CLUE algorithm
Elapsed time: 458.794 ms
Elapsed time: 450.678 ms
Elapsed time: 445.869 ms
Elapsed time: 471.408 ms
Elapsed time: 449.632 ms
Elapsed time: 445.369 ms
Elapsed time: 445.596 ms
Elapsed time: 469.728 ms
Elapsed time: 448.819 ms
Elapsed time: 446.393 ms
Finished running CLUE algorithm

input file data/input/toyDetector_8000.csv
output file data/output/toyDetector_8000_3_5_5_8.csv
Start to load input points
Finished loading input points
Start to run CLUE algorithm
Elapsed time: 543.972 ms
Elapsed time: 525.202 ms
Elapsed time: 547.863 ms
Elapsed time: 532.679 ms
Elapsed time: 526.658 ms
Elapsed time: 524.11 ms
Elapsed time: 557.345 ms
Elapsed time: 525.584 ms
Elapsed time: 525.331 ms
Elapsed time: 524.774 ms
Finished running CLUE algorithm

input file data/input/toyDetector_9000.csv
output file data/output/toyDetector_9000_3_5_5_8.csv
Start to load input points
Finished loading input points
Start to run CLUE algorithm
Elapsed time: 620.846 ms
Elapsed time: 615.036 ms
Elapsed time: 643.313 ms
Elapsed time: 608.053 ms
Elapsed time: 601.5 ms
Elapsed time: 637.165 ms
Elapsed time: 603.495 ms
Elapsed time: 601.386 ms
Elapsed time: 605.74 ms
Elapsed time: 601.527 ms
Finished running CLUE algorithm

input file data/input/toyDetector_10000.csv
output file data/output/toyDetector_10000_3_5_5_8.csv
Start to load input points
Finished loading input points
Start to run CLUE algorithm
Elapsed time: 687.495 ms
Elapsed time: 678.4 ms
Elapsed time: 713.619 ms
Elapsed time: 674.348 ms
Elapsed time: 688.663 ms
Elapsed time: 681.117 ms
Elapsed time: 678.72 ms
Elapsed time: 679.143 ms
Elapsed time: 680.535 ms
Elapsed time: 709.821 ms
Finished running CLUE algorithm

----------------
running with GPU
----------------
input file data/input/toyDetector_1000.csv
output file data/output/toyDetector_1000_3_5_5_8.csv
Start to load input points
Finished loading input points
Start to run CLUE algorithm
Elapsed time: 1.33603 ms
Elapsed time: 1.24521 ms
Elapsed time: 1.2397 ms
Elapsed time: 1.22972 ms
Elapsed time: 1.23401 ms
Elapsed time: 1.24254 ms
Elapsed time: 1.22826 ms
Elapsed time: 1.23169 ms
Elapsed time: 1.24178 ms
Elapsed time: 1.23422 ms
Finished running CLUE algorithm

input file data/input/toyDetector_2000.csv
output file data/output/toyDetector_2000_3_5_5_8.csv
Start to load input points
Finished loading input points
Start to run CLUE algorithm
Elapsed time: 2.31407 ms
Elapsed time: 2.23479 ms
Elapsed time: 2.26737 ms
Elapsed time: 2.22898 ms
Elapsed time: 2.23029 ms
Elapsed time: 2.24306 ms
Elapsed time: 2.20072 ms
Elapsed time: 2.23796 ms
Elapsed time: 2.21743 ms
Elapsed time: 2.21814 ms
Finished running CLUE algorithm

input file data/input/toyDetector_3000.csv
output file data/output/toyDetector_3000_3_5_5_8.csv
Start to load input points
Finished loading input points
Start to run CLUE algorithm
Elapsed time: 3.04148 ms
Elapsed time: 2.9809 ms
Elapsed time: 2.98373 ms
Elapsed time: 2.98054 ms
Elapsed time: 2.97691 ms
Elapsed time: 2.96695 ms
Elapsed time: 2.98707 ms
Elapsed time: 2.97979 ms
Elapsed time: 2.986 ms
Elapsed time: 2.98207 ms
Finished running CLUE algorithm

input file data/input/toyDetector_4000.csv
output file data/output/toyDetector_4000_3_5_5_8.csv
Start to load input points
Finished loading input points
Start to run CLUE algorithm
Elapsed time: 3.88944 ms
Elapsed time: 3.83695 ms
Elapsed time: 3.81182 ms
Elapsed time: 3.85327 ms
Elapsed time: 3.83584 ms
Elapsed time: 3.82654 ms
Elapsed time: 3.83445 ms
Elapsed time: 3.8352 ms
Elapsed time: 3.83195 ms
Elapsed time: 3.83164 ms
Finished running CLUE algorithm

input file data/input/toyDetector_5000.csv
output file data/output/toyDetector_5000_3_5_5_8.csv
Start to load input points
Finished loading input points
Start to run CLUE algorithm
Elapsed time: 4.88287 ms
Elapsed time: 4.85797 ms
Elapsed time: 4.73885 ms
Elapsed time: 4.75916 ms
Elapsed time: 4.7298 ms
Elapsed time: 4.74775 ms
Elapsed time: 4.73832 ms
Elapsed time: 4.70892 ms
Elapsed time: 4.73679 ms
Elapsed time: 4.75435 ms
Finished running CLUE algorithm

input file data/input/toyDetector_6000.csv
output file data/output/toyDetector_6000_3_5_5_8.csv
Start to load input points
Finished loading input points
Start to run CLUE algorithm
Elapsed time: 5.4842 ms
Elapsed time: 5.39754 ms
Elapsed time: 5.39532 ms
Elapsed time: 5.38895 ms
Elapsed time: 5.36418 ms
Elapsed time: 5.37669 ms
Elapsed time: 5.38058 ms
Elapsed time: 5.37098 ms
Elapsed time: 5.39101 ms
Elapsed time: 5.37714 ms
Finished running CLUE algorithm

input file data/input/toyDetector_7000.csv
output file data/output/toyDetector_7000_3_5_5_8.csv
Start to load input points
Finished loading input points
Start to run CLUE algorithm
Elapsed time: 6.49513 ms
Elapsed time: 6.43264 ms
Elapsed time: 6.44354 ms
Elapsed time: 6.42333 ms
Elapsed time: 6.41031 ms
Elapsed time: 6.4229 ms
Elapsed time: 6.39978 ms
Elapsed time: 6.29456 ms
Elapsed time: 6.28142 ms
Elapsed time: 6.3049 ms
Finished running CLUE algorithm

input file data/input/toyDetector_8000.csv
output file data/output/toyDetector_8000_3_5_5_8.csv
Start to load input points
Finished loading input points
Start to run CLUE algorithm
Elapsed time: 7.41036 ms
Elapsed time: 7.36218 ms
Elapsed time: 7.34172 ms
Elapsed time: 7.20223 ms
Elapsed time: 7.17668 ms
Elapsed time: 7.17685 ms
Elapsed time: 7.21174 ms
Elapsed time: 7.19111 ms
Elapsed time: 7.18953 ms
Elapsed time: 7.19999 ms
Finished running CLUE algorithm

input file data/input/toyDetector_9000.csv
output file data/output/toyDetector_9000_3_5_5_8.csv
Start to load input points
Finished loading input points
Start to run CLUE algorithm
Elapsed time: 8.26099 ms
Elapsed time: 7.23806 ms
Elapsed time: 7.37256 ms
Elapsed time: 7.53754 ms
Elapsed time: 7.71322 ms
Elapsed time: 7.90071 ms
Elapsed time: 8.20831 ms
Elapsed time: 7.03704 ms
Elapsed time: 7.20546 ms
Elapsed time: 7.35542 ms
Finished running CLUE algorithm

input file data/input/toyDetector_10000.csv
output file data/output/toyDetector_10000_3_5_5_8.csv
Start to load input points
Finished loading input points
Start to run CLUE algorithm
Elapsed time: 9.20785 ms
Elapsed time: 9.18293 ms
Elapsed time: 9.17137 ms
Elapsed time: 9.19561 ms
Elapsed time: 9.17078 ms
Elapsed time: 9.17332 ms
Elapsed time: 8.07978 ms
Elapsed time: 8.21129 ms
Elapsed time: 8.39881 ms
Elapsed time: 8.09463 ms
Finished running CLUE algorithm

----------------
running with CUPLA CPU TBB
----------------
input file data/input/toyDetector_1000.csv
output file data/output/toyDetector_1000_3_5_5_8.csv
Start to load input points
Finished loading input points
Start to run CLUE algorithm
Elapsed time: 175.49 ms
Elapsed time: 50.445 ms
Elapsed time: 55.22 ms
Elapsed time: 53.2734 ms
Elapsed time: 54.5718 ms
Elapsed time: 51.4291 ms
Elapsed time: 55.1781 ms
Elapsed time: 50.8533 ms
Elapsed time: 53.1242 ms
Elapsed time: 45.324 ms
Finished running CLUE algorithm

input file data/input/toyDetector_2000.csv
output file data/output/toyDetector_2000_3_5_5_8.csv
Start to load input points
Finished loading input points
Start to run CLUE algorithm
Elapsed time: 180.361 ms
Elapsed time: 73.4199 ms
Elapsed time: 70.9378 ms
Elapsed time: 79.8723 ms
Elapsed time: 81.6857 ms
Elapsed time: 85.1149 ms
Elapsed time: 81.7132 ms
Elapsed time: 81.1153 ms
Elapsed time: 87.025 ms
Elapsed time: 86.4859 ms
Finished running CLUE algorithm

input file data/input/toyDetector_3000.csv
output file data/output/toyDetector_3000_3_5_5_8.csv
Start to load input points
Finished loading input points
Start to run CLUE algorithm
Elapsed time: 264.135 ms
Elapsed time: 119.142 ms
Elapsed time: 112.558 ms
Elapsed time: 114.777 ms
Elapsed time: 116.078 ms
Elapsed time: 109.337 ms
Elapsed time: 109.79 ms
Elapsed time: 110.667 ms
Elapsed time: 111.439 ms
Elapsed time: 110.691 ms
Finished running CLUE algorithm

input file data/input/toyDetector_4000.csv
output file data/output/toyDetector_4000_3_5_5_8.csv
Start to load input points
Finished loading input points
Start to run CLUE algorithm
Elapsed time: 250.645 ms
Elapsed time: 140.046 ms
Elapsed time: 144.383 ms
Elapsed time: 137.855 ms
Elapsed time: 143.001 ms
Elapsed time: 136.36 ms
Elapsed time: 142.802 ms
Elapsed time: 139.367 ms
Elapsed time: 141.461 ms
Elapsed time: 165.234 ms
Finished running CLUE algorithm

input file data/input/toyDetector_5000.csv
output file data/output/toyDetector_5000_3_5_5_8.csv
Start to load input points
Finished loading input points
Start to run CLUE algorithm
Elapsed time: 285.268 ms
Elapsed time: 157.387 ms
Elapsed time: 163.798 ms
Elapsed time: 165.035 ms
Elapsed time: 162.69 ms
Elapsed time: 164.686 ms
Elapsed time: 173.618 ms
Elapsed time: 196.763 ms
Elapsed time: 183.154 ms
Elapsed time: 164.933 ms
Finished running CLUE algorithm

input file data/input/toyDetector_6000.csv
output file data/output/toyDetector_6000_3_5_5_8.csv
Start to load input points
Finished loading input points
Start to run CLUE algorithm
Elapsed time: 378.748 ms
Elapsed time: 202.772 ms
Elapsed time: 196.31 ms
Elapsed time: 186.639 ms
Elapsed time: 190.228 ms
Elapsed time: 182.571 ms
Elapsed time: 223.745 ms
Elapsed time: 187.26 ms
Elapsed time: 186.179 ms
Elapsed time: 199.816 ms
Finished running CLUE algorithm

input file data/input/toyDetector_7000.csv
output file data/output/toyDetector_7000_3_5_5_8.csv
Start to load input points
Finished loading input points
Start to run CLUE algorithm
Elapsed time: 409.927 ms
Elapsed time: 223.77 ms
Elapsed time: 218.617 ms
Elapsed time: 218.5 ms
Elapsed time: 222.363 ms
Elapsed time: 253.043 ms
Elapsed time: 220.221 ms
Elapsed time: 217.192 ms
Elapsed time: 317.582 ms
Elapsed time: 221.237 ms
Finished running CLUE algorithm

input file data/input/toyDetector_8000.csv
output file data/output/toyDetector_8000_3_5_5_8.csv
Start to load input points
Finished loading input points
Start to run CLUE algorithm
Elapsed time: 429.013 ms
Elapsed time: 239.988 ms
Elapsed time: 239.09 ms
Elapsed time: 237.78 ms
Elapsed time: 240.385 ms
Elapsed time: 264.727 ms
Elapsed time: 235.719 ms
Elapsed time: 270.648 ms
Elapsed time: 421.28 ms
Elapsed time: 239.274 ms
Finished running CLUE algorithm

input file data/input/toyDetector_9000.csv
output file data/output/toyDetector_9000_3_5_5_8.csv
Start to load input points
Finished loading input points
Start to run CLUE algorithm
Elapsed time: 433.378 ms
Elapsed time: 265.178 ms
Elapsed time: 264.789 ms
Elapsed time: 265.422 ms
Elapsed time: 292.116 ms
Elapsed time: 267.122 ms
Elapsed time: 281.013 ms
Elapsed time: 342.385 ms
Elapsed time: 270.323 ms
Elapsed time: 267.043 ms
Finished running CLUE algorithm

input file data/input/toyDetector_10000.csv
output file data/output/toyDetector_10000_3_5_5_8.csv
Start to load input points
Finished loading input points
Start to run CLUE algorithm
Elapsed time: 490.556 ms
Elapsed time: 286.799 ms
Elapsed time: 294.512 ms
Elapsed time: 304.165 ms
Elapsed time: 294.16 ms
Elapsed time: 330.432 ms
Elapsed time: 368.163 ms
Elapsed time: 299.562 ms
Elapsed time: 304.524 ms
Elapsed time: 304.683 ms
Finished running CLUE algorithm

----------------
running with CUPLA CPU Serial
----------------
input file data/input/toyDetector_1000.csv
output file data/output/toyDetector_1000_3_5_5_8.csv
Start to load input points
Finished loading input points
Start to run CLUE algorithm
Elapsed time: 221.664 ms
Elapsed time: 124.724 ms
Elapsed time: 103.367 ms
Elapsed time: 93.7373 ms
Elapsed time: 92.2055 ms
Elapsed time: 91.9101 ms
Elapsed time: 91.9466 ms
Elapsed time: 91.6678 ms
Elapsed time: 91.6057 ms
Elapsed time: 88.0849 ms
Finished running CLUE algorithm

input file data/input/toyDetector_2000.csv
output file data/output/toyDetector_2000_3_5_5_8.csv
Start to load input points
Finished loading input points
Start to run CLUE algorithm
Elapsed time: 309.59 ms
Elapsed time: 168.409 ms
Elapsed time: 156.825 ms
Elapsed time: 133.663 ms
Elapsed time: 128.818 ms
Elapsed time: 129.162 ms
Elapsed time: 128.622 ms
Elapsed time: 129.733 ms
Elapsed time: 128.72 ms
Elapsed time: 129.491 ms
Finished running CLUE algorithm

input file data/input/toyDetector_3000.csv
output file data/output/toyDetector_3000_3_5_5_8.csv
Start to load input points
Finished loading input points
Start to run CLUE algorithm
Elapsed time: 295.644 ms
Elapsed time: 190.459 ms
Elapsed time: 189.462 ms
Elapsed time: 191.264 ms
Elapsed time: 188.829 ms
Elapsed time: 189.446 ms
Elapsed time: 188.57 ms
Elapsed time: 188.775 ms
Elapsed time: 191.461 ms
Elapsed time: 244.884 ms
Finished running CLUE algorithm

input file data/input/toyDetector_4000.csv
output file data/output/toyDetector_4000_3_5_5_8.csv
Start to load input points
Finished loading input points
Start to run CLUE algorithm
Elapsed time: 379.501 ms
Elapsed time: 272.081 ms
Elapsed time: 276.341 ms
Elapsed time: 270.179 ms
Elapsed time: 269.839 ms
Elapsed time: 286.309 ms
Elapsed time: 316.243 ms
Elapsed time: 268.913 ms
Elapsed time: 274.564 ms
Elapsed time: 273.728 ms
Finished running CLUE algorithm

input file data/input/toyDetector_5000.csv
output file data/output/toyDetector_5000_3_5_5_8.csv
Start to load input points
Finished loading input points
Start to run CLUE algorithm
Elapsed time: 449.098 ms
Elapsed time: 335.039 ms
Elapsed time: 333.446 ms
Elapsed time: 332.82 ms
Elapsed time: 355.972 ms
Elapsed time: 372.224 ms
Elapsed time: 336.243 ms
Elapsed time: 337.893 ms
Elapsed time: 334.252 ms
Elapsed time: 331.068 ms
Finished running CLUE algorithm

input file data/input/toyDetector_6000.csv
output file data/output/toyDetector_6000_3_5_5_8.csv
Start to load input points
Finished loading input points
Start to run CLUE algorithm
Elapsed time: 521.882 ms
Elapsed time: 396.546 ms
Elapsed time: 396.557 ms
Elapsed time: 420.634 ms
Elapsed time: 438.933 ms
Elapsed time: 408.405 ms
Elapsed time: 397.771 ms
Elapsed time: 463.663 ms
Elapsed time: 397.061 ms
Elapsed time: 407.709 ms
Finished running CLUE algorithm

input file data/input/toyDetector_7000.csv
output file data/output/toyDetector_7000_3_5_5_8.csv
Start to load input points
Finished loading input points
Start to run CLUE algorithm
Elapsed time: 624.394 ms
Elapsed time: 486.058 ms
Elapsed time: 489.002 ms
Elapsed time: 547.332 ms
Elapsed time: 502.5 ms
Elapsed time: 525.079 ms
Elapsed time: 515.04 ms
Elapsed time: 500.009 ms
Elapsed time: 492.682 ms
Elapsed time: 485.679 ms
Finished running CLUE algorithm

input file data/input/toyDetector_8000.csv
output file data/output/toyDetector_8000_3_5_5_8.csv
Start to load input points
Finished loading input points
Start to run CLUE algorithm
Elapsed time: 705.685 ms
Elapsed time: 568.951 ms
Elapsed time: 626.636 ms
Elapsed time: 597.28 ms
Elapsed time: 598.842 ms
Elapsed time: 607.459 ms
Elapsed time: 585.267 ms
Elapsed time: 570.105 ms
Elapsed time: 610.179 ms
Elapsed time: 595.293 ms
Finished running CLUE algorithm

input file data/input/toyDetector_9000.csv
output file data/output/toyDetector_9000_3_5_5_8.csv
Start to load input points
Finished loading input points
Start to run CLUE algorithm
Elapsed time: 793.439 ms
Elapsed time: 649.518 ms
Elapsed time: 728.753 ms
Elapsed time: 664.459 ms
Elapsed time: 724.03 ms
Elapsed time: 671.531 ms
Elapsed time: 654.972 ms
Elapsed time: 713.202 ms
Elapsed time: 658.43 ms
Elapsed time: 692.106 ms
Finished running CLUE algorithm

input file data/input/toyDetector_10000.csv
output file data/output/toyDetector_10000_3_5_5_8.csv
Start to load input points
Finished loading input points
Start to run CLUE algorithm
Elapsed time: 877.769 ms
Elapsed time: 758.803 ms
Elapsed time: 790.389 ms
Elapsed time: 783.918 ms
Elapsed time: 766.592 ms
Elapsed time: 730.773 ms
Elapsed time: 781.013 ms
Elapsed time: 748.107 ms
Elapsed time: 757.25 ms
Elapsed time: 730.475 ms
Finished running CLUE algorithm

----------------
running with CUPLA CUDA
----------------
input file data/input/toyDetector_1000.csv
output file data/output/toyDetector_1000_3_5_5_8.csv
Start to load input points
Finished loading input points
Start to run CLUE algorithm
Elapsed time: 1.5381 ms
Elapsed time: 1.37153 ms
Elapsed time: 1.36408 ms
Elapsed time: 1.35799 ms
Elapsed time: 1.36029 ms
Elapsed time: 1.34742 ms
Elapsed time: 1.35407 ms
Elapsed time: 1.35651 ms
Elapsed time: 1.34689 ms
Elapsed time: 1.35509 ms
Finished running CLUE algorithm

input file data/input/toyDetector_2000.csv
output file data/output/toyDetector_2000_3_5_5_8.csv
Start to load input points
Finished loading input points
Start to run CLUE algorithm
Elapsed time: 2.5139 ms
Elapsed time: 2.38483 ms
Elapsed time: 2.38742 ms
Elapsed time: 2.35998 ms
Elapsed time: 2.35527 ms
Elapsed time: 2.36017 ms
Elapsed time: 2.35814 ms
Elapsed time: 2.34505 ms
Elapsed time: 2.3445 ms
Elapsed time: 2.36372 ms
Finished running CLUE algorithm

input file data/input/toyDetector_3000.csv
output file data/output/toyDetector_3000_3_5_5_8.csv
Start to load input points
Finished loading input points
Start to run CLUE algorithm
Elapsed time: 3.28607 ms
Elapsed time: 3.14603 ms
Elapsed time: 3.12518 ms
Elapsed time: 3.12334 ms
Elapsed time: 3.11829 ms
Elapsed time: 3.13289 ms
Elapsed time: 3.1335 ms
Elapsed time: 3.13049 ms
Elapsed time: 3.11871 ms
Elapsed time: 3.1178 ms
Finished running CLUE algorithm

input file data/input/toyDetector_4000.csv
output file data/output/toyDetector_4000_3_5_5_8.csv
Start to load input points
Finished loading input points
Start to run CLUE algorithm
Elapsed time: 4.16609 ms
Elapsed time: 3.99211 ms
Elapsed time: 3.99754 ms
Elapsed time: 3.99401 ms
Elapsed time: 3.98276 ms
Elapsed time: 4.00281 ms
Elapsed time: 3.98799 ms
Elapsed time: 4.00241 ms
Elapsed time: 3.99959 ms
Elapsed time: 4.00289 ms
Finished running CLUE algorithm

input file data/input/toyDetector_5000.csv
output file data/output/toyDetector_5000_3_5_5_8.csv
Start to load input points
Finished loading input points
Start to run CLUE algorithm
Elapsed time: 5.24884 ms
Elapsed time: 5.08057 ms
Elapsed time: 5.05299 ms
Elapsed time: 5.08419 ms
Elapsed time: 5.08866 ms
Elapsed time: 5.07049 ms
Elapsed time: 4.95791 ms
Elapsed time: 4.92557 ms
Elapsed time: 4.96843 ms
Elapsed time: 4.95232 ms
Finished running CLUE algorithm

input file data/input/toyDetector_6000.csv
output file data/output/toyDetector_6000_3_5_5_8.csv
Start to load input points
Finished loading input points
Start to run CLUE algorithm
Elapsed time: 5.9661 ms
Elapsed time: 5.66885 ms
Elapsed time: 5.62509 ms
Elapsed time: 5.62751 ms
Elapsed time: 5.58919 ms
Elapsed time: 5.60209 ms
Elapsed time: 5.63824 ms
Elapsed time: 5.66129 ms
Elapsed time: 5.62398 ms
Elapsed time: 5.65492 ms
Finished running CLUE algorithm

input file data/input/toyDetector_7000.csv
output file data/output/toyDetector_7000_3_5_5_8.csv
Start to load input points
Finished loading input points
Start to run CLUE algorithm
Elapsed time: 6.80192 ms
Elapsed time: 6.62758 ms
Elapsed time: 6.56796 ms
Elapsed time: 6.62274 ms
Elapsed time: 6.63183 ms
Elapsed time: 6.61739 ms
Elapsed time: 6.62162 ms
Elapsed time: 6.60612 ms
Elapsed time: 6.63314 ms
Elapsed time: 6.62471 ms
Finished running CLUE algorithm

input file data/input/toyDetector_8000.csv
output file data/output/toyDetector_8000_3_5_5_8.csv
Start to load input points
Finished loading input points
Start to run CLUE algorithm
Elapsed time: 7.81754 ms
Elapsed time: 7.49796 ms
Elapsed time: 6.6008 ms
Elapsed time: 6.64283 ms
Elapsed time: 6.63068 ms
Elapsed time: 6.60639 ms
Elapsed time: 6.61815 ms
Elapsed time: 6.64273 ms
Elapsed time: 6.6218 ms
Elapsed time: 6.65367 ms
Finished running CLUE algorithm

input file data/input/toyDetector_9000.csv
output file data/output/toyDetector_9000_3_5_5_8.csv
Start to load input points
Finished loading input points
Start to run CLUE algorithm
Elapsed time: 8.51196 ms
Elapsed time: 7.34411 ms
Elapsed time: 7.48805 ms
Elapsed time: 7.66976 ms
Elapsed time: 7.82584 ms
Elapsed time: 7.35391 ms
Elapsed time: 7.4924 ms
Elapsed time: 7.47054 ms
Elapsed time: 7.64202 ms
Elapsed time: 7.63809 ms
Finished running CLUE algorithm

input file data/input/toyDetector_10000.csv
output file data/output/toyDetector_10000_3_5_5_8.csv
Start to load input points
Finished loading input points
Start to run CLUE algorithm
Elapsed time: 9.46196 ms
Elapsed time: 9.26921 ms
Elapsed time: 8.22541 ms
Elapsed time: 8.3499 ms
Elapsed time: 8.21807 ms
Elapsed time: 8.33921 ms
Elapsed time: 8.38704 ms
Elapsed time: 8.52308 ms
Elapsed time: 16.0576 ms
Elapsed time: 8.40123 ms
Finished running CLUE algorithm

