----------------
running with GPU
----------------
input file data/input/toyDetector_1000.csv
output file data/output/toyDetector_1000_3_5_5_8.csv
Start to load input points
Finished loading input points
Start to run CLUE algorithm
==235628== NVPROF is profiling process 235628, command: ./main toyDetector_1000 3 5 5 8 1 10 0
Elapsed time: 0.846736 ms
Elapsed time: 0.50958 ms
Elapsed time: 0.469975 ms
Elapsed time: 0.43703 ms
Elapsed time: 0.424638 ms
Elapsed time: 0.434255 ms
Elapsed time: 0.422965 ms
Elapsed time: 0.420896 ms
Elapsed time: 0.421692 ms
Elapsed time: 0.430457 ms
Finished running CLUE algorithm

==235628== Profiling application: ./main toyDetector_1000 3 5 5 8 1 10 0
==235628== Profiling result:
            Type  Time(%)      Time     Calls       Avg       Min       Max  Name
 GPU activities:   30.30%  288.61us        10  28.860us  28.544us  29.664us  kernel_compute_distanceToHigher(LayerTilesGPU*, PointsPtr, float, int)
                   24.21%  230.65us        10  23.065us  22.816us  23.583us  kernel_compute_density(LayerTilesGPU*, PointsPtr, float, int)
                   12.36%  117.76us        80  1.4710us  1.0880us  1.9190us  [CUDA memset]
                    9.54%  90.909us        10  9.0900us  8.7040us  10.016us  kernel_assign_clusters(GPU::VecArray<int, int=10000> const *, GPU::VecArray<int, int=20> const *, PointsPtr, int)
                    8.18%  77.919us        50  1.5580us  1.5040us  1.6640us  [CUDA memcpy DtoH]
                    7.13%  67.904us        40  1.6970us  1.6640us  1.9200us  [CUDA memcpy HtoD]
                    4.22%  40.160us        10  4.0160us  3.9360us  4.2880us  kernel_find_clusters(GPU::VecArray<int, int=10000>*, GPU::VecArray<int, int=20>*, PointsPtr, float, float, float, int)
                    4.06%  38.719us        10  3.8710us  3.8080us  4.0320us  kernel_compute_histogram(LayerTilesGPU*, PointsPtr, int)
      API calls:   96.74%  379.28ms        12  31.606ms  27.130us  372.95ms  cudaMalloc
                    1.21%  4.7513ms        12  395.94us  22.628us  674.98us  cudaFree
                    0.58%  2.2703ms        90  25.225us  15.174us  84.054us  cudaMemcpy
                    0.44%  1.7265ms         2  863.26us  567.49us  1.1590ms  cuDeviceTotalMem
                    0.39%  1.5422ms       194  7.9490us     184ns  330.04us  cuDeviceGetAttribute
                    0.32%  1.2708ms        80  15.885us  8.6160us  106.19us  cudaMemset
                    0.27%  1.0465ms        50  20.929us  15.672us  93.732us  cudaLaunchKernel
                    0.03%  136.62us         2  68.310us  67.762us  68.859us  cuDeviceGetName
                    0.00%  14.989us         2  7.4940us  2.3340us  12.655us  cuDeviceGetPCIBusId
                    0.00%  2.0190us         3     673ns     240ns  1.4030us  cuDeviceGetCount
                    0.00%  1.6760us         4     419ns     194ns     912ns  cuDeviceGet
                    0.00%     626ns         2     313ns     229ns     397ns  cuDeviceGetUuid
input file data/input/toyDetector_2000.csv
output file data/output/toyDetector_2000_3_5_5_8.csv
Start to load input points
Finished loading input points
Start to run CLUE algorithm
==235656== NVPROF is profiling process 235656, command: ./main toyDetector_2000 3 5 5 8 1 10 0
Elapsed time: 0.391205 ms
Elapsed time: 0.288059 ms
Elapsed time: 0.277098 ms
Elapsed time: 0.279431 ms
Elapsed time: 0.284918 ms
Elapsed time: 0.285055 ms
Elapsed time: 0.276411 ms
Elapsed time: 0.286872 ms
Elapsed time: 0.281449 ms
Elapsed time: 0.284378 ms
Finished running CLUE algorithm

==235656== Profiling application: ./main toyDetector_2000 3 5 5 8 1 10 0
==235656== Profiling result:
            Type  Time(%)      Time     Calls       Avg       Min       Max  Name
 GPU activities:   32.03%  347.39us        10  34.739us  33.856us  35.424us  kernel_compute_distanceToHigher(LayerTilesGPU*, PointsPtr, float, int)
                   23.65%  256.54us        10  25.654us  25.344us  26.624us  kernel_compute_density(LayerTilesGPU*, PointsPtr, float, int)
                   13.45%  145.82us        10  14.582us  14.240us  15.552us  kernel_assign_clusters(GPU::VecArray<int, int=10000> const *, GPU::VecArray<int, int=20> const *, PointsPtr, int)
                    7.93%  86.014us        80  1.0750us  1.0240us  1.2800us  [CUDA memset]
                    7.78%  84.415us        40  2.1100us  2.0800us  2.3360us  [CUDA memcpy HtoD]
                    7.68%  83.296us        50  1.6650us  1.6000us  1.9520us  [CUDA memcpy DtoH]
                    3.90%  42.304us        10  4.2300us  4.1600us  4.5440us  kernel_find_clusters(GPU::VecArray<int, int=10000>*, GPU::VecArray<int, int=20>*, PointsPtr, float, float, float, int)
                    3.58%  38.784us        10  3.8780us  3.7760us  4.0960us  kernel_compute_histogram(LayerTilesGPU*, PointsPtr, int)
      API calls:   97.35%  304.13ms        12  25.344ms  6.9310us  299.18ms  cudaMalloc
                    0.58%  1.8220ms         2  911.02us  613.40us  1.2086ms  cuDeviceTotalMem
                    0.58%  1.8217ms        12  151.81us  7.3340us  238.42us  cudaFree
                    0.57%  1.7821ms        90  19.800us  8.1750us  81.380us  cudaMemcpy
                    0.51%  1.5961ms       194  8.2270us     200ns  342.49us  cuDeviceGetAttribute
                    0.23%  704.93us        80  8.8110us  7.2120us  52.256us  cudaMemset
                    0.12%  381.82us        50  7.6360us  6.0500us  35.842us  cudaLaunchKernel
                    0.05%  148.97us         2  74.485us  69.463us  79.508us  cuDeviceGetName
                    0.01%  17.073us         2  8.5360us  2.1170us  14.956us  cuDeviceGetPCIBusId
                    0.00%  1.9420us         4     485ns     231ns     839ns  cuDeviceGet
                    0.00%  1.7250us         3     575ns     185ns  1.2520us  cuDeviceGetCount
                    0.00%     778ns         2     389ns     357ns     421ns  cuDeviceGetUuid
input file data/input/toyDetector_3000.csv
output file data/output/toyDetector_3000_3_5_5_8.csv
Start to load input points
Finished loading input points
Start to run CLUE algorithm
==235683== NVPROF is profiling process 235683, command: ./main toyDetector_3000 3 5 5 8 1 10 0
Elapsed time: 0.492525 ms
Elapsed time: 0.358698 ms
Elapsed time: 0.350454 ms
Elapsed time: 0.349843 ms
Elapsed time: 0.359092 ms
Elapsed time: 0.347849 ms
Elapsed time: 0.35196 ms
Elapsed time: 0.349661 ms
Elapsed time: 0.355455 ms
Elapsed time: 0.37186 ms
Finished running CLUE algorithm

==235683== Profiling application: ./main toyDetector_3000 3 5 5 8 1 10 0
==235683== Profiling result:
            Type  Time(%)      Time     Calls       Avg       Min       Max  Name
 GPU activities:   31.59%  377.98us        10  37.798us  37.215us  38.752us  kernel_compute_distanceToHigher(LayerTilesGPU*, PointsPtr, float, int)
                   24.61%  294.46us        10  29.446us  28.928us  30.368us  kernel_compute_density(LayerTilesGPU*, PointsPtr, float, int)
                   13.21%  158.08us        10  15.807us  15.264us  16.672us  kernel_assign_clusters(GPU::VecArray<int, int=10000> const *, GPU::VecArray<int, int=20> const *, PointsPtr, int)
                    8.77%  104.93us        40  2.6230us  2.5600us  2.8480us  [CUDA memcpy HtoD]
                    7.57%  90.592us        50  1.8110us  1.7600us  1.9200us  [CUDA memcpy DtoH]
                    7.45%  89.119us        80  1.1130us  1.0870us  1.3760us  [CUDA memset]
                    3.54%  42.399us        10  4.2390us  4.1280us  4.5120us  kernel_find_clusters(GPU::VecArray<int, int=10000>*, GPU::VecArray<int, int=20>*, PointsPtr, float, float, float, int)
                    3.26%  39.040us        10  3.9040us  3.8400us  4.1280us  kernel_compute_histogram(LayerTilesGPU*, PointsPtr, int)
      API calls:   97.41%  362.13ms        12  30.177ms  9.7110us  356.83ms  cudaMalloc
                    0.65%  2.4062ms        12  200.52us  10.121us  326.54us  cudaFree
                    0.58%  2.1636ms        90  24.039us  11.680us  85.859us  cudaMemcpy
                    0.50%  1.8448ms         2  922.40us  645.17us  1.1996ms  cuDeviceTotalMem
                    0.43%  1.6129ms       194  8.3130us     194ns  348.06us  cuDeviceGetAttribute
                    0.25%  924.10us        80  11.551us  9.2220us  66.902us  cudaMemset
                    0.14%  507.73us        50  10.154us  8.0310us  54.614us  cudaLaunchKernel
                    0.04%  143.30us         2  71.650us  69.823us  73.478us  cuDeviceGetName
                    0.00%  16.812us         2  8.4060us  2.4920us  14.320us  cuDeviceGetPCIBusId
                    0.00%  2.1100us         4     527ns     248ns     961ns  cuDeviceGet
                    0.00%  2.0380us         3     679ns     208ns  1.4450us  cuDeviceGetCount
                    0.00%     725ns         2     362ns     325ns     400ns  cuDeviceGetUuid
input file data/input/toyDetector_4000.csv
output file data/output/toyDetector_4000_3_5_5_8.csv
Start to load input points
Finished loading input points
Start to run CLUE algorithm
==235708== NVPROF is profiling process 235708, command: ./main toyDetector_4000 3 5 5 8 1 10 0
Elapsed time: 0.445423 ms
Elapsed time: 0.341121 ms
Elapsed time: 0.331927 ms
Elapsed time: 0.321968 ms
Elapsed time: 0.333439 ms
Elapsed time: 0.333733 ms
Elapsed time: 0.327531 ms
Elapsed time: 0.326521 ms
Elapsed time: 0.336104 ms
Elapsed time: 0.341249 ms
Finished running CLUE algorithm

==235708== Profiling application: ./main toyDetector_4000 3 5 5 8 1 10 0
==235708== Profiling result:
            Type  Time(%)      Time     Calls       Avg       Min       Max  Name
 GPU activities:   32.78%  469.47us        10  46.947us  46.624us  47.552us  kernel_compute_distanceToHigher(LayerTilesGPU*, PointsPtr, float, int)
                   20.61%  295.23us        10  29.523us  29.216us  30.112us  kernel_compute_density(LayerTilesGPU*, PointsPtr, float, int)
                   19.48%  279.04us        10  27.903us  26.976us  29.728us  kernel_assign_clusters(GPU::VecArray<int, int=10000> const *, GPU::VecArray<int, int=20> const *, PointsPtr, int)
                    8.47%  121.38us        40  3.0340us  3.0080us  3.3600us  [CUDA memcpy HtoD]
                    6.76%  96.767us        50  1.9350us  1.8870us  2.2720us  [CUDA memcpy DtoH]
                    6.13%  87.776us        80  1.0970us  1.0560us  1.4400us  [CUDA memset]
                    3.04%  43.488us        10  4.3480us  4.2560us  4.5760us  kernel_find_clusters(GPU::VecArray<int, int=10000>*, GPU::VecArray<int, int=20>*, PointsPtr, float, float, float, int)
                    2.73%  39.070us        10  3.9070us  3.7750us  4.2870us  kernel_compute_histogram(LayerTilesGPU*, PointsPtr, int)
      API calls:   97.42%  327.70ms        12  27.308ms  7.2500us  322.76ms  cudaMalloc
                    0.68%  2.2923ms        90  25.469us  9.9900us  111.91us  cudaMemcpy
                    0.56%  1.8682ms        12  155.69us  7.2630us  240.13us  cudaFree
                    0.51%  1.7198ms         2  859.91us  570.46us  1.1494ms  cuDeviceTotalMem
                    0.47%  1.5717ms       194  8.1010us     183ns  347.96us  cuDeviceGetAttribute
                    0.20%  687.87us        80  8.5980us  6.9470us  51.349us  cudaMemset
                    0.12%  393.04us        50  7.8600us  6.0000us  35.819us  cudaLaunchKernel
                    0.04%  142.25us         2  71.125us  66.406us  75.845us  cuDeviceGetName
                    0.00%  13.745us         2  6.8720us  2.1390us  11.606us  cuDeviceGetPCIBusId
                    0.00%  1.9770us         3     659ns     209ns  1.2850us  cuDeviceGetCount
                    0.00%  1.7030us         4     425ns     214ns     837ns  cuDeviceGet
                    0.00%     677ns         2     338ns     279ns     398ns  cuDeviceGetUuid
input file data/input/toyDetector_5000.csv
output file data/output/toyDetector_5000_3_5_5_8.csv
Start to load input points
Finished loading input points
Start to run CLUE algorithm
==235735== NVPROF is profiling process 235735, command: ./main toyDetector_5000 3 5 5 8 1 10 0
Elapsed time: 0.554846 ms
Elapsed time: 0.428319 ms
Elapsed time: 0.407341 ms
Elapsed time: 0.415574 ms
Elapsed time: 0.412394 ms
Elapsed time: 0.424684 ms
Elapsed time: 0.410344 ms
Elapsed time: 0.419106 ms
Elapsed time: 0.410002 ms
Elapsed time: 0.435416 ms
Finished running CLUE algorithm

==235735== Profiling application: ./main toyDetector_5000 3 5 5 8 1 10 0
==235735== Profiling result:
            Type  Time(%)      Time     Calls       Avg       Min       Max  Name
 GPU activities:   30.67%  474.20us        10  47.420us  46.976us  48.127us  kernel_compute_distanceToHigher(LayerTilesGPU*, PointsPtr, float, int)
                   21.44%  331.49us        10  33.148us  32.896us  34.016us  kernel_compute_density(LayerTilesGPU*, PointsPtr, float, int)
                   20.44%  316.10us        10  31.609us  30.752us  32.224us  kernel_assign_clusters(GPU::VecArray<int, int=10000> const *, GPU::VecArray<int, int=20> const *, PointsPtr, int)
                    9.12%  140.99us        40  3.5240us  3.4880us  3.8080us  [CUDA memcpy HtoD]
                    7.25%  112.06us        50  2.2410us  2.1760us  2.5280us  [CUDA memcpy DtoH]
                    5.73%  88.576us        80  1.1070us  1.0880us  1.1200us  [CUDA memset]
                    2.80%  43.264us        10  4.3260us  4.2560us  4.4800us  kernel_find_clusters(GPU::VecArray<int, int=10000>*, GPU::VecArray<int, int=20>*, PointsPtr, float, float, float, int)
                    2.56%  39.616us        10  3.9610us  3.9040us  4.1280us  kernel_compute_histogram(LayerTilesGPU*, PointsPtr, int)
      API calls:   97.27%  351.63ms        12  29.303ms  9.4000us  346.33ms  cudaMalloc
                    0.76%  2.7598ms        90  30.664us  15.774us  110.53us  cudaMemcpy
                    0.65%  2.3662ms        12  197.19us  10.083us  309.92us  cudaFree
                    0.45%  1.6420ms         2  820.99us  545.38us  1.0966ms  cuDeviceTotalMem
                    0.41%  1.4885ms       194  7.6720us     180ns  317.85us  cuDeviceGetAttribute
                    0.26%  941.48us        80  11.768us  9.3820us  69.236us  cudaMemset
                    0.14%  518.83us        50  10.376us  8.1530us  47.030us  cudaLaunchKernel
                    0.04%  134.44us         2  67.221us  64.768us  69.675us  cuDeviceGetName
                    0.00%  13.727us         2  6.8630us  2.2550us  11.472us  cuDeviceGetPCIBusId
                    0.00%  1.8810us         4     470ns     190ns     785ns  cuDeviceGet
                    0.00%  1.7220us         3     574ns     219ns  1.1810us  cuDeviceGetCount
                    0.00%     587ns         2     293ns     236ns     351ns  cuDeviceGetUuid
input file data/input/toyDetector_6000.csv
output file data/output/toyDetector_6000_3_5_5_8.csv
Start to load input points
Finished loading input points
Start to run CLUE algorithm
==235761== NVPROF is profiling process 235761, command: ./main toyDetector_6000 3 5 5 8 1 10 0
Elapsed time: 0.569078 ms
Elapsed time: 0.435873 ms
Elapsed time: 0.425551 ms
Elapsed time: 0.422451 ms
Elapsed time: 0.421802 ms
Elapsed time: 0.417762 ms
Elapsed time: 0.419873 ms
Elapsed time: 0.420636 ms
Elapsed time: 0.4201 ms
Elapsed time: 0.431314 ms
Finished running CLUE algorithm

==235761== Profiling application: ./main toyDetector_6000 3 5 5 8 1 10 0
==235761== Profiling result:
            Type  Time(%)      Time     Calls       Avg       Min       Max  Name
 GPU activities:   31.87%  491.39us        10  49.138us  48.160us  49.888us  kernel_compute_distanceToHigher(LayerTilesGPU*, PointsPtr, float, int)
                   21.04%  324.35us        10  32.435us  32.224us  33.471us  kernel_compute_density(LayerTilesGPU*, PointsPtr, float, int)
                   17.20%  265.22us        10  26.521us  25.664us  27.552us  kernel_assign_clusters(GPU::VecArray<int, int=10000> const *, GPU::VecArray<int, int=20> const *, PointsPtr, int)
                   10.40%  160.38us        40  4.0090us  3.9360us  4.2880us  [CUDA memcpy HtoD]
                    8.25%  127.23us        50  2.5440us  2.4630us  2.9440us  [CUDA memcpy DtoH]
                    5.80%  89.376us        80  1.1170us  1.0880us  1.3760us  [CUDA memset]
                    2.91%  44.832us        10  4.4830us  4.3840us  4.8320us  kernel_find_clusters(GPU::VecArray<int, int=10000>*, GPU::VecArray<int, int=20>*, PointsPtr, float, float, float, int)
                    2.53%  39.040us        10  3.9040us  3.8080us  4.1920us  kernel_compute_histogram(LayerTilesGPU*, PointsPtr, int)
      API calls:   97.72%  430.20ms        12  35.850ms  9.4770us  424.92ms  cudaMalloc
                    0.65%  2.8577ms        90  31.752us  16.395us  112.10us  cudaMemcpy
                    0.53%  2.3476ms        12  195.64us  9.7020us  304.93us  cudaFree
                    0.39%  1.7115ms         2  855.75us  569.53us  1.1420ms  cuDeviceTotalMem
                    0.35%  1.5438ms       194  7.9570us     185ns  327.89us  cuDeviceGetAttribute
                    0.21%  917.27us        80  11.465us  9.0970us  68.589us  cudaMemset
                    0.12%  512.52us        50  10.250us  8.3520us  48.533us  cudaLaunchKernel
                    0.03%  137.99us         2  68.993us  66.889us  71.098us  cuDeviceGetName
                    0.00%  14.515us         2  7.2570us  2.8360us  11.679us  cuDeviceGetPCIBusId
                    0.00%  2.0080us         4     502ns     200ns     996ns  cuDeviceGet
                    0.00%  1.8310us         3     610ns     192ns  1.2790us  cuDeviceGetCount
                    0.00%     701ns         2     350ns     241ns     460ns  cuDeviceGetUuid
input file data/input/toyDetector_7000.csv
output file data/output/toyDetector_7000_3_5_5_8.csv
Start to load input points
Finished loading input points
Start to run CLUE algorithm
==235799== NVPROF is profiling process 235799, command: ./main toyDetector_7000 3 5 5 8 1 10 0
Elapsed time: 0.525632 ms
Elapsed time: 0.419374 ms
Elapsed time: 0.416743 ms
Elapsed time: 0.402449 ms
Elapsed time: 0.408484 ms
Elapsed time: 0.404796 ms
Elapsed time: 0.401405 ms
Elapsed time: 0.405849 ms
Elapsed time: 0.400895 ms
Elapsed time: 0.419763 ms
Finished running CLUE algorithm

==235799== Profiling application: ./main toyDetector_7000 3 5 5 8 1 10 0
==235799== Profiling result:
            Type  Time(%)      Time     Calls       Avg       Min       Max  Name
 GPU activities:   30.33%  505.63us        10  50.563us  50.144us  51.008us  kernel_compute_distanceToHigher(LayerTilesGPU*, PointsPtr, float, int)
                   20.50%  341.73us        10  34.172us  32.992us  35.296us  kernel_assign_clusters(GPU::VecArray<int, int=10000> const *, GPU::VecArray<int, int=20> const *, PointsPtr, int)
                   19.97%  332.90us        10  33.289us  32.671us  34.432us  kernel_compute_density(LayerTilesGPU*, PointsPtr, float, int)
                   10.61%  176.80us        40  4.4190us  4.3520us  4.7040us  [CUDA memcpy HtoD]
                    8.42%  140.32us        50  2.8060us  2.7200us  3.0400us  [CUDA memcpy DtoH]
                    5.18%  86.336us        80  1.0790us  1.0560us  1.3440us  [CUDA memset]
                    2.65%  44.128us        10  4.4120us  4.2880us  5.0240us  kernel_find_clusters(GPU::VecArray<int, int=10000>*, GPU::VecArray<int, int=20>*, PointsPtr, float, float, float, int)
                    2.34%  39.039us        10  3.9030us  3.8070us  4.2240us  kernel_compute_histogram(LayerTilesGPU*, PointsPtr, int)
      API calls:   97.15%  326.98ms        12  27.248ms  8.4160us  321.86ms  cudaMalloc
                    0.86%  2.9010ms        90  32.233us  15.364us  126.87us  cudaMemcpy
                    0.64%  2.1476ms        12  178.97us  8.7920us  285.65us  cudaFree
                    0.49%  1.6450ms         2  822.48us  545.43us  1.0995ms  cuDeviceTotalMem
                    0.45%  1.5168ms       194  7.8180us     176ns  343.94us  cuDeviceGetAttribute
                    0.23%  782.04us        80  9.7750us  7.8870us  56.340us  cudaMemset
                    0.13%  437.73us        50  8.7540us  6.8700us  40.933us  cudaLaunchKernel
                    0.04%  133.79us         2  66.895us  64.659us  69.132us  cuDeviceGetName
                    0.00%  14.015us         2  7.0070us  2.0250us  11.990us  cuDeviceGetPCIBusId
                    0.00%  1.8750us         4     468ns     204ns     893ns  cuDeviceGet
                    0.00%  1.8540us         3     618ns     223ns  1.2260us  cuDeviceGetCount
                    0.00%     626ns         2     313ns     263ns     363ns  cuDeviceGetUuid
input file data/input/toyDetector_8000.csv
output file data/output/toyDetector_8000_3_5_5_8.csv
Start to load input points
Finished loading input points
Start to run CLUE algorithm
==235826== NVPROF is profiling process 235826, command: ./main toyDetector_8000 3 5 5 8 1 10 0
Elapsed time: 0.621637 ms
Elapsed time: 0.492142 ms
Elapsed time: 0.48085 ms
Elapsed time: 0.478634 ms
Elapsed time: 0.485536 ms
Elapsed time: 0.480369 ms
Elapsed time: 0.470964 ms
Elapsed time: 0.470584 ms
Elapsed time: 0.480186 ms
Elapsed time: 0.493954 ms
Finished running CLUE algorithm

==235826== Profiling application: ./main toyDetector_8000 3 5 5 8 1 10 0
==235826== Profiling result:
            Type  Time(%)      Time     Calls       Avg       Min       Max  Name
 GPU activities:   30.60%  540.89us        10  54.089us  52.896us  55.552us  kernel_compute_distanceToHigher(LayerTilesGPU*, PointsPtr, float, int)
                   20.90%  369.47us        10  36.947us  36.704us  37.760us  kernel_compute_density(LayerTilesGPU*, PointsPtr, float, int)
                   18.70%  330.53us        10  33.052us  32.608us  34.016us  kernel_assign_clusters(GPU::VecArray<int, int=10000> const *, GPU::VecArray<int, int=20> const *, PointsPtr, int)
                   11.12%  196.64us        40  4.9150us  4.8640us  5.1520us  [CUDA memcpy HtoD]
                    8.86%  156.64us        50  3.1320us  3.0400us  3.3920us  [CUDA memcpy DtoH]
                    5.08%  89.824us        80  1.1220us  1.0880us  1.4080us  [CUDA memset]
                    2.52%  44.576us        10  4.4570us  4.3520us  4.7040us  kernel_find_clusters(GPU::VecArray<int, int=10000>*, GPU::VecArray<int, int=20>*, PointsPtr, float, float, float, int)
                    2.22%  39.231us        10  3.9230us  3.7760us  4.3840us  kernel_compute_histogram(LayerTilesGPU*, PointsPtr, int)
      API calls:   97.22%  367.60ms        12  30.633ms  9.9750us  362.29ms  cudaMalloc
                    0.89%  3.3673ms        90  37.414us  19.563us  132.97us  cudaMemcpy
                    0.62%  2.3528ms        12  196.07us  9.9730us  305.15us  cudaFree
                    0.44%  1.6708ms         2  835.41us  581.17us  1.0897ms  cuDeviceTotalMem
                    0.40%  1.5085ms       194  7.7750us     180ns  325.17us  cuDeviceGetAttribute
                    0.25%  947.60us        80  11.845us  9.1540us  65.068us  cudaMemset
                    0.14%  533.63us        50  10.672us  7.8890us  55.808us  cudaLaunchKernel
                    0.04%  133.77us         2  66.886us  65.083us  68.689us  cuDeviceGetName
                    0.00%  12.018us         2  6.0090us  2.1660us  9.8520us  cuDeviceGetPCIBusId
                    0.00%  1.7750us         4     443ns     200ns     900ns  cuDeviceGet
                    0.00%  1.7160us         3     572ns     211ns  1.1450us  cuDeviceGetCount
                    0.00%     640ns         2     320ns     273ns     367ns  cuDeviceGetUuid
input file data/input/toyDetector_9000.csv
output file data/output/toyDetector_9000_3_5_5_8.csv
Start to load input points
Finished loading input points
Start to run CLUE algorithm
==235851== NVPROF is profiling process 235851, command: ./main toyDetector_9000 3 5 5 8 1 10 0
Elapsed time: 0.580095 ms
Elapsed time: 0.470872 ms
Elapsed time: 0.46396 ms
Elapsed time: 0.47266 ms
Elapsed time: 0.45851 ms
Elapsed time: 0.460944 ms
Elapsed time: 0.469521 ms
Elapsed time: 0.458961 ms
Elapsed time: 0.457807 ms
Elapsed time: 0.466275 ms
Finished running CLUE algorithm

==235851== Profiling application: ./main toyDetector_9000 3 5 5 8 1 10 0
==235851== Profiling result:
            Type  Time(%)      Time     Calls       Avg       Min       Max  Name
 GPU activities:   28.71%  548.51us        10  54.851us  54.336us  55.168us  kernel_compute_distanceToHigher(LayerTilesGPU*, PointsPtr, float, int)
                   23.05%  440.35us        10  44.034us  42.303us  45.920us  kernel_assign_clusters(GPU::VecArray<int, int=10000> const *, GPU::VecArray<int, int=20> const *, PointsPtr, int)
                   19.08%  364.64us        10  36.463us  35.968us  37.568us  kernel_compute_density(LayerTilesGPU*, PointsPtr, float, int)
                   11.23%  214.50us        40  5.3620us  5.3120us  5.6640us  [CUDA memcpy HtoD]
                    8.93%  170.59us        50  3.4110us  3.3280us  3.7760us  [CUDA memcpy DtoH]
                    4.59%  87.776us        80  1.0970us  1.0560us  1.4080us  [CUDA memset]
                    2.34%  44.736us        10  4.4730us  4.4160us  4.8000us  kernel_find_clusters(GPU::VecArray<int, int=10000>*, GPU::VecArray<int, int=20>*, PointsPtr, float, float, float, int)
                    2.07%  39.616us        10  3.9610us  3.8400us  4.2880us  kernel_compute_histogram(LayerTilesGPU*, PointsPtr, int)
      API calls:   97.17%  354.69ms        12  29.557ms  9.3350us  349.42ms  cudaMalloc
                    0.90%  3.2958ms        90  36.619us  19.251us  138.78us  cudaMemcpy
                    0.61%  2.2440ms        12  187.00us  9.8010us  294.99us  cudaFree
                    0.48%  1.7391ms         2  869.55us  584.65us  1.1544ms  cuDeviceTotalMem
                    0.42%  1.5417ms       194  7.9460us     187ns  328.78us  cuDeviceGetAttribute
                    0.24%  872.08us        80  10.901us  8.4110us  63.975us  cudaMemset
                    0.14%  493.70us        50  9.8730us  7.6330us  50.935us  cudaLaunchKernel
                    0.04%  135.22us         2  67.612us  66.548us  68.676us  cuDeviceGetName
                    0.00%  15.221us         2  7.6100us  2.1340us  13.087us  cuDeviceGetPCIBusId
                    0.00%  1.9230us         3     641ns     188ns  1.3710us  cuDeviceGetCount
                    0.00%  1.7320us         4     433ns     216ns     826ns  cuDeviceGet
                    0.00%     738ns         2     369ns     323ns     415ns  cuDeviceGetUuid
input file data/input/toyDetector_10000.csv
output file data/output/toyDetector_10000_3_5_5_8.csv
Start to load input points
Finished loading input points
Start to run CLUE algorithm
==235876== NVPROF is profiling process 235876, command: ./main toyDetector_10000 3 5 5 8 1 10 0
Elapsed time: 0.658806 ms
Elapsed time: 0.531164 ms
Elapsed time: 0.524087 ms
Elapsed time: 0.513643 ms
Elapsed time: 0.521469 ms
Elapsed time: 0.511443 ms
Elapsed time: 0.516164 ms
Elapsed time: 0.506824 ms
Elapsed time: 0.511375 ms
Elapsed time: 0.530644 ms
Finished running CLUE algorithm

==235876== Profiling application: ./main toyDetector_10000 3 5 5 8 1 10 0
==235876== Profiling result:
            Type  Time(%)      Time     Calls       Avg       Min       Max  Name
 GPU activities:   29.98%  592.38us        10  59.238us  58.080us  60.032us  kernel_compute_distanceToHigher(LayerTilesGPU*, PointsPtr, float, int)
                   21.21%  419.20us        10  41.919us  39.872us  44.608us  kernel_assign_clusters(GPU::VecArray<int, int=10000> const *, GPU::VecArray<int, int=20> const *, PointsPtr, int)
                   18.63%  368.09us        10  36.809us  36.224us  37.824us  kernel_compute_density(LayerTilesGPU*, PointsPtr, float, int)
                   11.80%  233.22us        40  5.8300us  5.7920us  5.8560us  [CUDA memcpy HtoD]
                    9.53%  188.32us        50  3.7660us  3.6800us  4.5120us  [CUDA memcpy DtoH]
                    4.58%  90.528us        80  1.1310us  1.0880us  1.4720us  [CUDA memset]
                    2.29%  45.184us        10  4.5180us  4.4480us  4.8000us  kernel_find_clusters(GPU::VecArray<int, int=10000>*, GPU::VecArray<int, int=20>*, PointsPtr, float, float, float, int)
                    1.98%  39.168us        10  3.9160us  3.8400us  4.2880us  kernel_compute_histogram(LayerTilesGPU*, PointsPtr, int)
      API calls:   97.08%  367.65ms        12  30.638ms  9.3230us  362.33ms  cudaMalloc
                    0.99%  3.7438ms        90  41.598us  24.672us  151.70us  cudaMemcpy
                    0.62%  2.3506ms        12  195.88us  9.6860us  306.47us  cudaFree
                    0.47%  1.7863ms         2  893.16us  575.14us  1.2112ms  cuDeviceTotalMem
                    0.41%  1.5386ms       194  7.9300us     182ns  328.65us  cuDeviceGetAttribute
                    0.25%  959.49us        80  11.993us  9.2820us  69.460us  cudaMemset
                    0.14%  513.79us        50  10.275us  7.8680us  48.524us  cudaLaunchKernel
                    0.04%  135.92us         2  67.961us  67.620us  68.303us  cuDeviceGetName
                    0.00%  14.593us         2  7.2960us  2.4340us  12.159us  cuDeviceGetPCIBusId
                    0.00%  1.8540us         3     618ns     204ns  1.3490us  cuDeviceGetCount
                    0.00%  1.8380us         4     459ns     213ns     861ns  cuDeviceGet
                    0.00%     742ns         2     371ns     271ns     471ns  cuDeviceGetUuid
