----------------
running with GPU
----------------
input file data/input/toyDetector_1000.csv
output file data/output/toyDetector_1000_3_5_5_8.csv
Start to load input points
Finished loading input points
Start to run CLUE algorithm
==3831== NVPROF is profiling process 3831, command: ./main toyDetector_1000 3 5 5 8 1 10 0
Elapsed time: 1.57613 ms
Elapsed time: 1.51959 ms
Elapsed time: 1.49717 ms
Elapsed time: 1.50176 ms
Elapsed time: 1.49848 ms
Elapsed time: 1.49918 ms
Elapsed time: 1.49882 ms
Elapsed time: 1.50136 ms
Elapsed time: 1.50208 ms
Elapsed time: 1.49841 ms
Finished running CLUE algorithm

==3831== Profiling application: ./main toyDetector_1000 3 5 5 8 1 10 0
==3831== Profiling result:
            Type  Time(%)      Time     Calls       Avg       Min       Max  Name
 GPU activities:   28.02%  2.4712ms        40  61.779us  61.538us  62.274us  [CUDA memcpy HtoD]
                   26.98%  2.3793ms        10  237.93us  236.74us  239.53us  kernel_compute_distanceToHigher(LayerTilesGPU*, PointsPtr, float, int)
                   20.57%  1.8138ms        10  181.38us  180.01us  182.73us  kernel_compute_density(LayerTilesGPU*, PointsPtr, float, int)
                    6.94%  612.15us        10  61.214us  60.226us  61.826us  kernel_compute_histogram(LayerTilesGPU*, PointsPtr, int)
                    6.80%  599.92us        10  59.992us  59.938us  60.066us  [CUDA memcpy DtoH]
                    5.56%  490.22us        10  49.021us  48.577us  49.441us  kernel_assign_clusters(GPU::VecArray<int, int=100000> const *, GPU::VecArray<int, int=20> const *, PointsPtr, int)
                    4.28%  377.00us        10  37.700us  36.897us  38.657us  kernel_find_clusters(GPU::VecArray<int, int=100000>*, GPU::VecArray<int, int=20>*, PointsPtr, float, float, float, int)
                    0.85%  74.819us        80     935ns     768ns  3.4240us  [CUDA memset]
      API calls:   87.20%  162.66ms        12  13.555ms  91.583us  161.44ms  cudaMalloc
                    7.52%  14.019ms        50  280.38us  32.681us  1.1083ms  cudaMemcpy
                    4.04%  7.5364ms        12  628.03us  180.02us  3.2346ms  cudaFree
                    0.36%  670.04us         1  670.04us  670.04us  670.04us  cuDeviceTotalMem
                    0.35%  644.33us        80  8.0540us  5.6710us  27.241us  cudaMemset
                    0.31%  585.34us        97  6.0340us     240ns  258.12us  cuDeviceGetAttribute
                    0.19%  348.43us        50  6.9680us  5.3200us  36.078us  cudaLaunchKernel
                    0.04%  66.555us         1  66.555us  66.555us  66.555us  cuDeviceGetName
                    0.00%  3.4860us         1  3.4860us  3.4860us  3.4860us  cuDeviceGetPCIBusId
                    0.00%  1.9050us         3     635ns     251ns  1.2030us  cuDeviceGetCount
                    0.00%  1.5740us         2     787ns     291ns  1.2830us  cuDeviceGet
                    0.00%     391ns         1     391ns     391ns     391ns  cuDeviceGetUuid
input file data/input/toyDetector_2000.csv
output file data/output/toyDetector_2000_3_5_5_8.csv
Start to load input points
Finished loading input points
Start to run CLUE algorithm
==3846== NVPROF is profiling process 3846, command: ./main toyDetector_2000 3 5 5 8 1 10 0
Elapsed time: 2.67944 ms
Elapsed time: 2.66809 ms
Elapsed time: 2.67214 ms
Elapsed time: 2.66139 ms
Elapsed time: 2.66219 ms
Elapsed time: 2.67481 ms
Elapsed time: 2.6726 ms
Elapsed time: 2.65778 ms
Elapsed time: 2.65645 ms
Elapsed time: 2.65516 ms
Finished running CLUE algorithm

==3846== Profiling application: ./main toyDetector_2000 3 5 5 8 1 10 0
==3846== Profiling result:
            Type  Time(%)      Time     Calls       Avg       Min       Max  Name
 GPU activities:   28.51%  4.8836ms        40  122.09us  121.80us  122.47us  [CUDA memcpy HtoD]
                   27.40%  4.6928ms        10  469.28us  466.45us  471.57us  kernel_compute_distanceToHigher(LayerTilesGPU*, PointsPtr, float, int)
                   19.40%  3.3232ms        10  332.32us  330.54us  333.67us  kernel_compute_density(LayerTilesGPU*, PointsPtr, float, int)
                    7.02%  1.2026ms        10  120.26us  118.98us  122.56us  kernel_compute_histogram(LayerTilesGPU*, PointsPtr, int)
                    6.95%  1.1908ms        10  119.08us  119.01us  119.17us  [CUDA memcpy DtoH]
                    5.20%  890.65us        10  89.064us  88.258us  89.986us  kernel_assign_clusters(GPU::VecArray<int, int=100000> const *, GPU::VecArray<int, int=20> const *, PointsPtr, int)
                    5.07%  868.99us        10  86.898us  84.386us  89.475us  kernel_find_clusters(GPU::VecArray<int, int=100000>*, GPU::VecArray<int, int=20>*, PointsPtr, float, float, float, int)
                    0.44%  75.333us        80     941ns     736ns  2.2720us  [CUDA memset]
      API calls:   78.85%  131.43ms        12  10.953ms  91.993us  130.25ms  cudaMalloc
                   15.19%  25.318ms        50  506.35us  119.10us  1.8026ms  cudaMemcpy
                    4.43%  7.3768ms        12  614.74us  175.85us  3.2380ms  cudaFree
                    0.50%  825.11us        80  10.313us  6.1220us  35.266us  cudaMemset
                    0.46%  760.75us         1  760.75us  760.75us  760.75us  cuDeviceTotalMem
                    0.30%  504.03us        97  5.1960us     280ns  219.48us  cuDeviceGetAttribute
                    0.24%  396.19us        50  7.9230us  5.6200us  39.174us  cudaLaunchKernel
                    0.04%  59.883us         1  59.883us  59.883us  59.883us  cuDeviceGetName
                    0.00%  2.7150us         1  2.7150us  2.7150us  2.7150us  cuDeviceGetPCIBusId
                    0.00%  2.0430us         3     681ns     300ns  1.2820us  cuDeviceGetCount
                    0.00%  1.3330us         2     666ns     331ns  1.0020us  cuDeviceGet
                    0.00%     441ns         1     441ns     441ns     441ns  cuDeviceGetUuid
input file data/input/toyDetector_3000.csv
output file data/output/toyDetector_3000_3_5_5_8.csv
Start to load input points
Finished loading input points
Start to run CLUE algorithm
==3861== NVPROF is profiling process 3861, command: ./main toyDetector_3000 3 5 5 8 1 10 0
Elapsed time: 3.84066 ms
Elapsed time: 3.83454 ms
Elapsed time: 3.83925 ms
Elapsed time: 3.86956 ms
Elapsed time: 3.86108 ms
Elapsed time: 3.8257 ms
Elapsed time: 3.82567 ms
Elapsed time: 3.82371 ms
Elapsed time: 3.8298 ms
Elapsed time: 3.81908 ms
Finished running CLUE algorithm

==3861== Profiling application: ./main toyDetector_3000 3 5 5 8 1 10 0
==3861== Profiling result:
            Type  Time(%)      Time     Calls       Avg       Min       Max  Name
 GPU activities:   28.76%  7.7412ms        10  774.12us  770.61us  777.21us  kernel_compute_distanceToHigher(LayerTilesGPU*, PointsPtr, float, int)
                   27.33%  7.3554ms        40  183.89us  183.65us  184.33us  [CUDA memcpy HtoD]
                   20.63%  5.5523ms        10  555.23us  552.34us  558.51us  kernel_compute_density(LayerTilesGPU*, PointsPtr, float, int)
                    6.68%  1.7982ms        10  179.82us  179.72us  179.97us  [CUDA memcpy DtoH]
                    6.54%  1.7598ms        10  175.98us  174.85us  177.13us  kernel_compute_histogram(LayerTilesGPU*, PointsPtr, int)
                    4.92%  1.3251ms        10  132.51us  127.56us  137.48us  kernel_find_clusters(GPU::VecArray<int, int=100000>*, GPU::VecArray<int, int=20>*, PointsPtr, float, float, float, int)
                    4.86%  1.3088ms        10  130.88us  130.31us  132.55us  kernel_assign_clusters(GPU::VecArray<int, int=100000> const *, GPU::VecArray<int, int=20> const *, PointsPtr, int)
                    0.27%  73.184us        80     914ns     768ns  2.1440us  [CUDA memset]
      API calls:   74.67%  138.08ms        12  11.507ms  92.544us  136.90ms  cudaMalloc
                   20.02%  37.018ms        50  740.36us  188.52us  2.6164ms  cudaMemcpy
                    3.99%  7.3761ms        12  614.67us  173.97us  3.2346ms  cudaFree
                    0.44%  815.66us        80  10.195us  5.7600us  35.847us  cudaMemset
                    0.37%  676.87us         1  676.87us  676.87us  676.87us  cuDeviceTotalMem
                    0.25%  465.94us        97  4.8030us     250ns  202.69us  cuDeviceGetAttribute
                    0.22%  403.03us        50  8.0600us  5.8310us  38.733us  cudaLaunchKernel
                    0.04%  67.607us         1  67.607us  67.607us  67.607us  cuDeviceGetName
                    0.00%  2.4650us         1  2.4650us  2.4650us  2.4650us  cuDeviceGetPCIBusId
                    0.00%  1.9340us         3     644ns     381ns  1.1320us  cuDeviceGetCount
                    0.00%  1.2230us         2     611ns     301ns     922ns  cuDeviceGet
                    0.00%     411ns         1     411ns     411ns     411ns  cuDeviceGetUuid
input file data/input/toyDetector_4000.csv
output file data/output/toyDetector_4000_3_5_5_8.csv
Start to load input points
Finished loading input points
Start to run CLUE algorithm
==3876== NVPROF is profiling process 3876, command: ./main toyDetector_4000 3 5 5 8 1 10 0
Elapsed time: 4.92615 ms
Elapsed time: 4.9417 ms
Elapsed time: 4.95137 ms
Elapsed time: 4.89069 ms
Elapsed time: 4.90415 ms
Elapsed time: 4.91376 ms
Elapsed time: 4.89338 ms
Elapsed time: 4.88287 ms
Elapsed time: 4.89331 ms
Elapsed time: 4.87406 ms
Finished running CLUE algorithm

==3876== Profiling application: ./main toyDetector_4000 3 5 5 8 1 10 0
==3876== Profiling result:
            Type  Time(%)      Time     Calls       Avg       Min       Max  Name
 GPU activities:   30.33%  11.412ms        10  1.1412ms  1.1379ms  1.1486ms  kernel_compute_distanceToHigher(LayerTilesGPU*, PointsPtr, float, int)
                   25.94%  9.7583ms        40  243.96us  243.59us  244.74us  [CUDA memcpy HtoD]
                   19.93%  7.4992ms        10  749.92us  745.65us  753.62us  kernel_compute_density(LayerTilesGPU*, PointsPtr, float, int)
                    6.35%  2.3881ms        10  238.81us  238.57us  238.98us  [CUDA memcpy DtoH]
                    6.34%  2.3869ms        10  238.69us  236.87us  241.03us  kernel_assign_clusters(GPU::VecArray<int, int=100000> const *, GPU::VecArray<int, int=20> const *, PointsPtr, int)
                    5.89%  2.2179ms        10  221.79us  219.62us  224.36us  kernel_compute_histogram(LayerTilesGPU*, PointsPtr, int)
                    5.02%  1.8876ms        10  188.76us  183.30us  194.28us  kernel_find_clusters(GPU::VecArray<int, int=100000>*, GPU::VecArray<int, int=20>*, PointsPtr, float, float, float, int)
                    0.20%  75.138us        80     939ns     768ns  2.2400us  [CUDA memset]
      API calls:   70.99%  140.92ms        12  11.744ms  91.963us  139.74ms  cudaMalloc
                   24.04%  47.713ms        50  954.26us  237.35us  3.4709ms  cudaMemcpy
                    3.72%  7.3926ms        12  616.05us  171.24us  3.2330ms  cudaFree
                    0.43%  845.89us        80  10.573us  5.9420us  38.172us  cudaMemset
                    0.34%  682.19us         1  682.19us  682.19us  682.19us  cuDeviceTotalMem
                    0.24%  476.99us        97  4.9170us     250ns  208.65us  cuDeviceGetAttribute
                    0.20%  389.76us        50  7.7950us  5.4700us  39.344us  cudaLaunchKernel
                    0.03%  67.056us         1  67.056us  67.056us  67.056us  cuDeviceGetName
                    0.00%  2.7850us         1  2.7850us  2.7850us  2.7850us  cuDeviceGetPCIBusId
                    0.00%  2.6240us         3     874ns     370ns  1.8430us  cuDeviceGetCount
                    0.00%  1.1120us         2     556ns     300ns     812ns  cuDeviceGet
                    0.00%     431ns         1     431ns     431ns     431ns  cuDeviceGetUuid
input file data/input/toyDetector_5000.csv
output file data/output/toyDetector_5000_3_5_5_8.csv
Start to load input points
Finished loading input points
Start to run CLUE algorithm
==3894== NVPROF is profiling process 3894, command: ./main toyDetector_5000 3 5 5 8 1 10 0
Elapsed time: 5.9736 ms
Elapsed time: 5.95721 ms
Elapsed time: 5.98674 ms
Elapsed time: 5.95761 ms
Elapsed time: 5.9491 ms
Elapsed time: 5.93139 ms
Elapsed time: 5.94305 ms
Elapsed time: 5.93832 ms
Elapsed time: 5.93692 ms
Elapsed time: 5.94443 ms
Finished running CLUE algorithm

==3894== Profiling application: ./main toyDetector_5000 3 5 5 8 1 10 0
==3894== Profiling result:
            Type  Time(%)      Time     Calls       Avg       Min       Max  Name
 GPU activities:   29.71%  14.199ms        10  1.4199ms  1.4171ms  1.4253ms  kernel_compute_distanceToHigher(LayerTilesGPU*, PointsPtr, float, int)
                   25.43%  12.158ms        40  303.94us  303.66us  304.81us  [CUDA memcpy HtoD]
                   20.72%  9.9057ms        10  990.57us  987.07us  996.09us  kernel_compute_density(LayerTilesGPU*, PointsPtr, float, int)
                    7.10%  3.3916ms        10  339.16us  335.79us  342.63us  kernel_assign_clusters(GPU::VecArray<int, int=100000> const *, GPU::VecArray<int, int=20> const *, PointsPtr, int)
                    6.23%  2.9784ms        10  297.84us  297.64us  298.38us  [CUDA memcpy DtoH]
                    5.65%  2.7025ms        10  270.25us  265.16us  274.95us  kernel_compute_histogram(LayerTilesGPU*, PointsPtr, int)
                    5.00%  2.3917ms        10  239.17us  227.40us  245.42us  kernel_find_clusters(GPU::VecArray<int, int=100000>*, GPU::VecArray<int, int=20>*, PointsPtr, float, float, float, int)
                    0.15%  72.897us        80     911ns     768ns  2.1770us  [CUDA memset]
      API calls:   67.45%  140.88ms        12  11.740ms  91.622us  139.67ms  cudaMalloc
                   27.87%  58.216ms        50  1.1643ms  289.63us  4.2992ms  cudaMemcpy
                    3.53%  7.3718ms        12  614.32us  167.64us  3.2310ms  cudaFree
                    0.37%  781.58us        80  9.7690us  5.8510us  33.723us  cudaMemset
                    0.32%  658.10us         1  658.10us  658.10us  658.10us  cuDeviceTotalMem
                    0.23%  485.78us        97  5.0080us     250ns  220.13us  cuDeviceGetAttribute
                    0.19%  395.20us        50  7.9030us  5.6900us  44.443us  cudaLaunchKernel
                    0.03%  72.275us         1  72.275us  72.275us  72.275us  cuDeviceGetName
                    0.00%  2.7250us         3     908ns     381ns  1.8330us  cuDeviceGetCount
                    0.00%  2.6750us         1  2.6750us  2.6750us  2.6750us  cuDeviceGetPCIBusId
                    0.00%  1.1520us         2     576ns     280ns     872ns  cuDeviceGet
                    0.00%     391ns         1     391ns     391ns     391ns  cuDeviceGetUuid
input file data/input/toyDetector_6000.csv
output file data/output/toyDetector_6000_3_5_5_8.csv
Start to load input points
Finished loading input points
Start to run CLUE algorithm
==3909== NVPROF is profiling process 3909, command: ./main toyDetector_6000 3 5 5 8 1 10 0
Elapsed time: 6.80685 ms
Elapsed time: 6.83799 ms
Elapsed time: 6.79916 ms
Elapsed time: 6.78568 ms
Elapsed time: 6.77281 ms
Elapsed time: 6.77589 ms
Elapsed time: 6.77504 ms
Elapsed time: 6.79224 ms
Elapsed time: 6.79114 ms
Elapsed time: 6.77565 ms
Finished running CLUE algorithm

==3909== Profiling application: ./main toyDetector_6000 3 5 5 8 1 10 0
==3909== Profiling result:
            Type  Time(%)      Time     Calls       Avg       Min       Max  Name
 GPU activities:   28.73%  16.122ms        10  1.6122ms  1.6091ms  1.6181ms  kernel_compute_distanceToHigher(LayerTilesGPU*, PointsPtr, float, int)
                   26.13%  14.661ms        40  366.52us  365.58us  388.68us  [CUDA memcpy HtoD]
                   20.11%  11.282ms        10  1.1282ms  1.1258ms  1.1329ms  kernel_compute_density(LayerTilesGPU*, PointsPtr, float, int)
                    7.79%  4.3714ms        10  437.14us  433.61us  439.69us  kernel_assign_clusters(GPU::VecArray<int, int=100000> const *, GPU::VecArray<int, int=20> const *, PointsPtr, int)
                    6.39%  3.5845ms        10  358.45us  358.19us  358.83us  [CUDA memcpy DtoH]
                    5.73%  3.2173ms        10  321.73us  320.01us  324.27us  kernel_compute_histogram(LayerTilesGPU*, PointsPtr, int)
                    5.00%  2.8041ms        10  280.41us  276.81us  285.58us  kernel_find_clusters(GPU::VecArray<int, int=100000>*, GPU::VecArray<int, int=20>*, PointsPtr, float, float, float, int)
                    0.13%  72.452us        80     905ns     768ns  2.1440us  [CUDA memset]
      API calls:   64.53%  138.91ms        12  11.576ms  91.833us  137.73ms  cudaMalloc
                   30.95%  66.611ms        50  1.3322ms  365.24us  4.8706ms  cudaMemcpy
                    3.43%  7.3753ms        12  614.61us  171.23us  3.2377ms  cudaFree
                    0.35%  759.22us        80  9.4900us  5.8910us  31.730us  cudaMemset
                    0.31%  660.76us         1  660.76us  660.76us  660.76us  cuDeviceTotalMem
                    0.22%  470.88us        97  4.8540us     250ns  204.21us  cuDeviceGetAttribute
                    0.19%  400.51us        50  8.0100us  5.6310us  44.694us  cudaLaunchKernel
                    0.03%  54.232us         1  54.232us  54.232us  54.232us  cuDeviceGetName
                    0.00%  2.6450us         1  2.6450us  2.6450us  2.6450us  cuDeviceGetPCIBusId
                    0.00%  1.9930us         3     664ns     260ns  1.2420us  cuDeviceGetCount
                    0.00%  1.1120us         2     556ns     301ns     811ns  cuDeviceGet
                    0.00%     390ns         1     390ns     390ns     390ns  cuDeviceGetUuid
input file data/input/toyDetector_7000.csv
output file data/output/toyDetector_7000_3_5_5_8.csv
Start to load input points
Finished loading input points
Start to run CLUE algorithm
==3927== NVPROF is profiling process 3927, command: ./main toyDetector_7000 3 5 5 8 1 10 0
Elapsed time: 8.06462 ms
Elapsed time: 8.06554 ms
Elapsed time: 8.03668 ms
Elapsed time: 8.0109 ms
Elapsed time: 8.03828 ms
Elapsed time: 8.05048 ms
Elapsed time: 8.02271 ms
Elapsed time: 8.02504 ms
Elapsed time: 8.02608 ms
Elapsed time: 8.03706 ms
Finished running CLUE algorithm

==3927== Profiling application: ./main toyDetector_7000 3 5 5 8 1 10 0
==3927== Profiling result:
            Type  Time(%)      Time     Calls       Avg       Min       Max  Name
 GPU activities:   29.24%  20.056ms        10  2.0056ms  2.0001ms  2.0178ms  kernel_compute_distanceToHigher(LayerTilesGPU*, PointsPtr, float, int)
                   24.85%  17.040ms        40  426.00us  425.58us  426.67us  [CUDA memcpy HtoD]
                   20.01%  13.721ms        10  1.3721ms  1.3694ms  1.3779ms  kernel_compute_density(LayerTilesGPU*, PointsPtr, float, int)
                    9.45%  6.4828ms        10  648.28us  645.07us  653.49us  kernel_assign_clusters(GPU::VecArray<int, int=100000> const *, GPU::VecArray<int, int=20> const *, PointsPtr, int)
                    6.09%  4.1761ms        10  417.61us  417.36us  417.93us  [CUDA memcpy DtoH]
                    5.18%  3.5534ms        10  355.34us  352.30us  358.31us  kernel_compute_histogram(LayerTilesGPU*, PointsPtr, int)
                    5.08%  3.4813ms        10  348.13us  340.46us  355.98us  kernel_find_clusters(GPU::VecArray<int, int=100000>*, GPU::VecArray<int, int=20>*, PointsPtr, float, float, float, int)
                    0.11%  73.922us        80     924ns     736ns  2.1760us  [CUDA memset]
      API calls:   58.85%  127.07ms        12  10.589ms  92.313us  125.88ms  cudaMalloc
                   36.65%  79.126ms        50  1.5825ms  416.80us  5.9446ms  cudaMemcpy
                    3.42%  7.3863ms        12  615.53us  174.50us  3.2322ms  cudaFree
                    0.34%  739.19us        80  9.2390us  5.7110us  30.848us  cudaMemset
                    0.31%  659.95us         1  659.95us  659.95us  659.95us  cuDeviceTotalMem
                    0.22%  469.96us        97  4.8440us     250ns  205.88us  cuDeviceGetAttribute
                    0.18%  378.84us        50  7.5760us  5.4300us  36.539us  cudaLaunchKernel
                    0.03%  73.207us         1  73.207us  73.207us  73.207us  cuDeviceGetName
                    0.00%  2.9060us         1  2.9060us  2.9060us  2.9060us  cuDeviceGetPCIBusId
                    0.00%  2.5650us         3     855ns     261ns  1.8640us  cuDeviceGetCount
                    0.00%  1.1530us         2     576ns     291ns     862ns  cuDeviceGet
                    0.00%     390ns         1     390ns     390ns     390ns  cuDeviceGetUuid
input file data/input/toyDetector_8000.csv
output file data/output/toyDetector_8000_3_5_5_8.csv
Start to load input points
Finished loading input points
Start to run CLUE algorithm
==3942== NVPROF is profiling process 3942, command: ./main toyDetector_8000 3 5 5 8 1 10 0
Elapsed time: 9.21844 ms
Elapsed time: 9.18788 ms
Elapsed time: 9.17693 ms
Elapsed time: 9.19008 ms
Elapsed time: 9.20107 ms
Elapsed time: 9.18807 ms
Elapsed time: 9.1979 ms
Elapsed time: 9.18091 ms
Elapsed time: 9.1966 ms
Elapsed time: 9.20494 ms
Finished running CLUE algorithm

==3942== Profiling application: ./main toyDetector_8000 3 5 5 8 1 10 0
==3942== Profiling result:
            Type  Time(%)      Time     Calls       Avg       Min       Max  Name
 GPU activities:   29.75%  23.722ms        10  2.3722ms  2.3676ms  2.3850ms  kernel_compute_distanceToHigher(LayerTilesGPU*, PointsPtr, float, int)
                   24.47%  19.519ms        40  487.97us  487.25us  492.30us  [CUDA memcpy HtoD]
                   20.58%  16.416ms        10  1.6416ms  1.6379ms  1.6490ms  kernel_compute_density(LayerTilesGPU*, PointsPtr, float, int)
                    8.96%  7.1436ms        10  714.36us  707.96us  722.96us  kernel_assign_clusters(GPU::VecArray<int, int=100000> const *, GPU::VecArray<int, int=20> const *, PointsPtr, int)
                    6.00%  4.7823ms        10  478.23us  477.97us  478.64us  [CUDA memcpy DtoH]
                    5.16%  4.1130ms        10  411.30us  402.44us  418.00us  kernel_find_clusters(GPU::VecArray<int, int=100000>*, GPU::VecArray<int, int=20>*, PointsPtr, float, float, float, int)
                    4.99%  3.9809ms        10  398.09us  392.94us  401.48us  kernel_compute_histogram(LayerTilesGPU*, PointsPtr, int)
                    0.09%  72.898us        80     911ns     768ns  2.1760us  [CUDA memset]
      API calls:   58.14%  139.58ms        12  11.631ms  92.794us  138.35ms  cudaMalloc
                   37.77%  90.666ms        50  1.8133ms  492.80us  6.8077ms  cudaMemcpy
                    3.10%  7.4476ms        12  620.63us  169.63us  5.2193ms  cudaFree
                    0.31%  744.18us        80  9.3020us  5.7700us  32.802us  cudaMemset
                    0.28%  679.21us         1  679.21us  679.21us  679.21us  cuDeviceTotalMem
                    0.20%  486.52us        97  5.0150us     270ns  218.39us  cuDeviceGetAttribute
                    0.17%  404.60us        50  8.0910us  5.7010us  47.059us  cudaLaunchKernel
                    0.02%  58.039us         1  58.039us  58.039us  58.039us  cuDeviceGetName
                    0.00%  2.9960us         1  2.9960us  2.9960us  2.9960us  cuDeviceGetPCIBusId
                    0.00%  2.0940us         3     698ns     260ns  1.3830us  cuDeviceGetCount
                    0.00%  1.1230us         2     561ns     301ns     822ns  cuDeviceGet
                    0.00%     411ns         1     411ns     411ns     411ns  cuDeviceGetUuid
input file data/input/toyDetector_9000.csv
output file data/output/toyDetector_9000_3_5_5_8.csv
Start to load input points
Finished loading input points
Start to run CLUE algorithm
==3961== NVPROF is profiling process 3961, command: ./main toyDetector_9000 3 5 5 8 1 10 0
Elapsed time: 9.88875 ms
Elapsed time: 9.88535 ms
Elapsed time: 9.88816 ms
Elapsed time: 9.86616 ms
Elapsed time: 9.87797 ms
Elapsed time: 9.87656 ms
Elapsed time: 9.89027 ms
Elapsed time: 9.85941 ms
Elapsed time: 9.86186 ms
Elapsed time: 9.86907 ms
Finished running CLUE algorithm

==3961== Profiling application: ./main toyDetector_9000 3 5 5 8 1 10 0
==3961== Profiling result:
            Type  Time(%)      Time     Calls       Avg       Min       Max  Name
 GPU activities:   28.42%  24.630ms        10  2.4630ms  2.4570ms  2.4670ms  kernel_compute_distanceToHigher(LayerTilesGPU*, PointsPtr, float, int)
                   25.29%  21.914ms        40  547.85us  547.25us  552.59us  [CUDA memcpy HtoD]
                   19.34%  16.758ms        10  1.6758ms  1.6728ms  1.6807ms  kernel_compute_density(LayerTilesGPU*, PointsPtr, float, int)
                   10.29%  8.9185ms        10  891.85us  886.81us  894.90us  kernel_assign_clusters(GPU::VecArray<int, int=100000> const *, GPU::VecArray<int, int=20> const *, PointsPtr, int)
                    6.20%  5.3716ms        10  537.16us  536.85us  537.90us  [CUDA memcpy DtoH]
                    5.39%  4.6723ms        10  467.23us  462.16us  472.72us  kernel_find_clusters(GPU::VecArray<int, int=100000>*, GPU::VecArray<int, int=20>*, PointsPtr, float, float, float, int)
                    4.99%  4.3269ms        10  432.69us  425.13us  437.84us  kernel_compute_histogram(LayerTilesGPU*, PointsPtr, int)
                    0.08%  72.100us        80     901ns     736ns  2.2080us  [CUDA memset]
      API calls:   57.86%  146.68ms        12  12.223ms  92.103us  145.48ms  cudaMalloc
                   38.44%  97.435ms        50  1.9487ms  546.35us  7.2998ms  cudaMemcpy
                    2.70%  6.8564ms        12  571.37us  170.92us  3.2363ms  cudaFree
                    0.32%  800.33us        80  10.004us  5.8610us  48.521us  cudaMemset
                    0.30%  756.65us         1  756.65us  756.65us  756.65us  cuDeviceTotalMem
                    0.20%  505.12us        97  5.2070us     290ns  219.15us  cuDeviceGetAttribute
                    0.16%  399.34us        50  7.9860us  5.4500us  46.958us  cudaLaunchKernel
                    0.02%  60.764us         1  60.764us  60.764us  60.764us  cuDeviceGetName
                    0.00%  2.7550us         1  2.7550us  2.7550us  2.7550us  cuDeviceGetPCIBusId
                    0.00%  2.0840us         3     694ns     321ns  1.3120us  cuDeviceGetCount
                    0.00%  1.4330us         2     716ns     321ns  1.1120us  cuDeviceGet
                    0.00%     451ns         1     451ns     451ns     451ns  cuDeviceGetUuid
input file data/input/toyDetector_10000.csv
output file data/output/toyDetector_10000_3_5_5_8.csv
Start to load input points
Finished loading input points
Start to run CLUE algorithm
==3976== NVPROF is profiling process 3976, command: ./main toyDetector_10000 3 5 5 8 1 10 0
Elapsed time: 10.8529 ms
Elapsed time: 10.8428 ms
Elapsed time: 10.8307 ms
Elapsed time: 10.822 ms
Elapsed time: 10.8362 ms
Elapsed time: 10.8331 ms
Elapsed time: 10.8249 ms
Elapsed time: 10.8466 ms
Elapsed time: 10.4811 ms
Elapsed time: 10.4601 ms
Finished running CLUE algorithm

==3976== Profiling application: ./main toyDetector_10000 3 5 5 8 1 10 0
==3976== Profiling result:
            Type  Time(%)      Time     Calls       Avg       Min       Max  Name
 GPU activities:   27.53%  26.184ms        10  2.6184ms  2.4486ms  2.6661ms  kernel_compute_distanceToHigher(LayerTilesGPU*, PointsPtr, float, int)
                   25.56%  24.310ms        40  607.74us  607.25us  608.94us  [CUDA memcpy HtoD]
                   18.76%  17.843ms        10  1.7843ms  1.6692ms  1.8145ms  kernel_compute_density(LayerTilesGPU*, PointsPtr, float, int)
                   11.25%  10.697ms        10  1.0697ms  1.0580ms  1.0780ms  kernel_assign_clusters(GPU::VecArray<int, int=100000> const *, GPU::VecArray<int, int=20> const *, PointsPtr, int)
                    6.27%  5.9625ms        10  596.25us  595.82us  597.58us  [CUDA memcpy DtoH]
                    5.58%  5.3030ms        10  530.30us  525.52us  539.09us  kernel_find_clusters(GPU::VecArray<int, int=100000>*, GPU::VecArray<int, int=20>*, PointsPtr, float, float, float, int)
                    4.97%  4.7300ms        10  473.00us  468.30us  480.97us  kernel_compute_histogram(LayerTilesGPU*, PointsPtr, int)
                    0.08%  71.777us        80     897ns     704ns  2.2080us  [CUDA memset]
      API calls:   53.65%  134.87ms        12  11.239ms  91.231us  133.68ms  cudaMalloc
                   42.30%  106.32ms        50  2.1264ms  600.00us  8.0163ms  cudaMemcpy
                    3.06%  7.6952ms        12  641.27us  174.40us  3.2305ms  cudaFree
                    0.31%  779.28us        80  9.7410us  6.0120us  33.032us  cudaMemset
                    0.27%  670.00us         1  670.00us  670.00us  670.00us  cuDeviceTotalMem
                    0.23%  566.32us        97  5.8380us     140ns  203.58us  cuDeviceGetAttribute
                    0.16%  395.06us        50  7.9010us  5.5500us  39.644us  cudaLaunchKernel
                    0.03%  69.600us         1  69.600us  69.600us  69.600us  cuDeviceGetName
                    0.00%  3.0860us         1  3.0860us  3.0860us  3.0860us  cuDeviceGetPCIBusId
                    0.00%  2.7260us         3     908ns     241ns  2.0140us  cuDeviceGetCount
                    0.00%  1.2620us         2     631ns     290ns     972ns  cuDeviceGet
                    0.00%     240ns         1     240ns     240ns     240ns  cuDeviceGetUuid
