----------------
running with CPU
----------------
input file data/input/toyDetector_1000.csv
output file data/output/toyDetector_1000_3_5_5_8.csv
Start to load input points
Finished loading input points
Start to run CLUE algorithm
Elapsed time: 42.7928 ms
Elapsed time: 39.1502 ms
Elapsed time: 39.3065 ms
Elapsed time: 39.3687 ms
Elapsed time: 39.2846 ms
Elapsed time: 39.1391 ms
Elapsed time: 39.2514 ms
Elapsed time: 39.2871 ms
Elapsed time: 39.1937 ms
Elapsed time: 39.198 ms
Finished running CLUE algorithm

input file data/input/toyDetector_2000.csv
output file data/output/toyDetector_2000_3_5_5_8.csv
Start to load input points
Finished loading input points
Start to run CLUE algorithm
Elapsed time: 88.3994 ms
Elapsed time: 85.6329 ms
Elapsed time: 85.4259 ms
Elapsed time: 85.6611 ms
Elapsed time: 85.5216 ms
Elapsed time: 85.4968 ms
Elapsed time: 85.5734 ms
Elapsed time: 85.5161 ms
Elapsed time: 85.6107 ms
Elapsed time: 85.5107 ms
Finished running CLUE algorithm

input file data/input/toyDetector_3000.csv
output file data/output/toyDetector_3000_3_5_5_8.csv
Start to load input points
Finished loading input points
Start to run CLUE algorithm
Elapsed time: 132.758 ms
Elapsed time: 129.694 ms
Elapsed time: 129.79 ms
Elapsed time: 129.949 ms
Elapsed time: 129.853 ms
Elapsed time: 129.939 ms
Elapsed time: 129.92 ms
Elapsed time: 130.302 ms
Elapsed time: 129.924 ms
Elapsed time: 130.03 ms
Finished running CLUE algorithm

input file data/input/toyDetector_4000.csv
output file data/output/toyDetector_4000_3_5_5_8.csv
Start to load input points
Finished loading input points
Start to run CLUE algorithm
Elapsed time: 193.105 ms
Elapsed time: 190.516 ms
Elapsed time: 190.821 ms
Elapsed time: 190.757 ms
Elapsed time: 190.943 ms
Elapsed time: 190.917 ms
Elapsed time: 190.761 ms
Elapsed time: 190.734 ms
Elapsed time: 190.813 ms
Elapsed time: 190.821 ms
Finished running CLUE algorithm

input file data/input/toyDetector_5000.csv
output file data/output/toyDetector_5000_3_5_5_8.csv
Start to load input points
Finished loading input points
Start to run CLUE algorithm
Elapsed time: 242.024 ms
Elapsed time: 239.971 ms
Elapsed time: 239.662 ms
Elapsed time: 239.751 ms
Elapsed time: 239.394 ms
Elapsed time: 239.936 ms
Elapsed time: 239.94 ms
Elapsed time: 239.55 ms
Elapsed time: 239.806 ms
Elapsed time: 239.657 ms
Finished running CLUE algorithm

input file data/input/toyDetector_6000.csv
output file data/output/toyDetector_6000_3_5_5_8.csv
Start to load input points
Finished loading input points
Start to run CLUE algorithm
Elapsed time: 286.599 ms
Elapsed time: 283.422 ms
Elapsed time: 284.366 ms
Elapsed time: 283.931 ms
Elapsed time: 284.726 ms
Elapsed time: 284.058 ms
Elapsed time: 284.653 ms
Elapsed time: 283.845 ms
Elapsed time: 284.555 ms
Elapsed time: 283.997 ms
Finished running CLUE algorithm

input file data/input/toyDetector_7000.csv
output file data/output/toyDetector_7000_3_5_5_8.csv
Start to load input points
Finished loading input points
Start to run CLUE algorithm
Elapsed time: 355.238 ms
Elapsed time: 354.987 ms
Elapsed time: 355.5 ms
Elapsed time: 355.708 ms
Elapsed time: 355.703 ms
Elapsed time: 356.209 ms
Elapsed time: 355.429 ms
Elapsed time: 354.919 ms
Elapsed time: 355.958 ms
Elapsed time: 355.076 ms
Finished running CLUE algorithm

input file data/input/toyDetector_8000.csv
output file data/output/toyDetector_8000_3_5_5_8.csv
Start to load input points
Finished loading input points
Start to run CLUE algorithm
Elapsed time: 416.465 ms
Elapsed time: 413.308 ms
Elapsed time: 414.465 ms
Elapsed time: 414.168 ms
Elapsed time: 416.573 ms
Elapsed time: 414.225 ms
Elapsed time: 416.669 ms
Elapsed time: 413.943 ms
Elapsed time: 417.079 ms
Elapsed time: 414.037 ms
Finished running CLUE algorithm

input file data/input/toyDetector_9000.csv
output file data/output/toyDetector_9000_3_5_5_8.csv
Start to load input points
Finished loading input points
Start to run CLUE algorithm
Elapsed time: 478.401 ms
Elapsed time: 476.545 ms
Elapsed time: 478.6 ms
Elapsed time: 477.145 ms
Elapsed time: 476.462 ms
Elapsed time: 478.669 ms
Elapsed time: 476.883 ms
Elapsed time: 478.047 ms
Elapsed time: 479.675 ms
Elapsed time: 477.285 ms
Finished running CLUE algorithm

input file data/input/toyDetector_10000.csv
output file data/output/toyDetector_10000_3_5_5_8.csv
Start to load input points
Finished loading input points
Start to run CLUE algorithm
Elapsed time: 529.481 ms
Elapsed time: 528.004 ms
Elapsed time: 528.949 ms
Elapsed time: 528.777 ms
Elapsed time: 529.353 ms
Elapsed time: 529.264 ms
Elapsed time: 529.343 ms
Elapsed time: 529.164 ms
Elapsed time: 529.626 ms
Elapsed time: 529.605 ms
Finished running CLUE algorithm

----------------
running with GPU
----------------
input file data/input/toyDetector_1000.csv
output file data/output/toyDetector_1000_3_5_5_8.csv
Start to load input points
Finished loading input points
Start to run CLUE algorithm
Elapsed time: 1.57651 ms
Elapsed time: 1.48173 ms
Elapsed time: 1.47443 ms
Elapsed time: 1.48658 ms
Elapsed time: 1.48063 ms
Elapsed time: 1.47851 ms
Elapsed time: 1.46938 ms
Elapsed time: 1.47308 ms
Elapsed time: 1.48614 ms
Elapsed time: 1.47861 ms
Finished running CLUE algorithm

input file data/input/toyDetector_2000.csv
output file data/output/toyDetector_2000_3_5_5_8.csv
Start to load input points
Finished loading input points
Start to run CLUE algorithm
Elapsed time: 2.70236 ms
Elapsed time: 2.63752 ms
Elapsed time: 2.63687 ms
Elapsed time: 2.64003 ms
Elapsed time: 2.6331 ms
Elapsed time: 2.63015 ms
Elapsed time: 2.63803 ms
Elapsed time: 2.63058 ms
Elapsed time: 2.63356 ms
Elapsed time: 2.64027 ms
Finished running CLUE algorithm

input file data/input/toyDetector_3000.csv
output file data/output/toyDetector_3000_3_5_5_8.csv
Start to load input points
Finished loading input points
Start to run CLUE algorithm
Elapsed time: 3.81414 ms
Elapsed time: 3.79537 ms
Elapsed time: 3.79559 ms
Elapsed time: 3.79209 ms
Elapsed time: 3.79224 ms
Elapsed time: 3.79706 ms
Elapsed time: 3.80389 ms
Elapsed time: 3.79725 ms
Elapsed time: 3.79658 ms
Elapsed time: 3.78022 ms
Finished running CLUE algorithm

input file data/input/toyDetector_4000.csv
output file data/output/toyDetector_4000_3_5_5_8.csv
Start to load input points
Finished loading input points
Start to run CLUE algorithm
Elapsed time: 4.88829 ms
Elapsed time: 4.90065 ms
Elapsed time: 4.89427 ms
Elapsed time: 4.88015 ms
Elapsed time: 4.87684 ms
Elapsed time: 4.89035 ms
Elapsed time: 4.88375 ms
Elapsed time: 4.88228 ms
Elapsed time: 4.89761 ms
Elapsed time: 4.884 ms
Finished running CLUE algorithm

input file data/input/toyDetector_5000.csv
output file data/output/toyDetector_5000_3_5_5_8.csv
Start to load input points
Finished loading input points
Start to run CLUE algorithm
Elapsed time: 5.93008 ms
Elapsed time: 5.92694 ms
Elapsed time: 5.90693 ms
Elapsed time: 5.91511 ms
Elapsed time: 5.90785 ms
Elapsed time: 5.90083 ms
Elapsed time: 5.91038 ms
Elapsed time: 5.89398 ms
Elapsed time: 5.90752 ms
Elapsed time: 5.8996 ms
Finished running CLUE algorithm

input file data/input/toyDetector_6000.csv
output file data/output/toyDetector_6000_3_5_5_8.csv
Start to load input points
Finished loading input points
Start to run CLUE algorithm
Elapsed time: 6.77374 ms
Elapsed time: 6.7546 ms
Elapsed time: 6.75651 ms
Elapsed time: 6.7675 ms
Elapsed time: 6.77556 ms
Elapsed time: 6.76238 ms
Elapsed time: 6.76333 ms
Elapsed time: 6.76742 ms
Elapsed time: 6.75694 ms
Elapsed time: 6.74477 ms
Finished running CLUE algorithm

input file data/input/toyDetector_7000.csv
output file data/output/toyDetector_7000_3_5_5_8.csv
Start to load input points
Finished loading input points
Start to run CLUE algorithm
Elapsed time: 8.03492 ms
Elapsed time: 8.01461 ms
Elapsed time: 8.02593 ms
Elapsed time: 8.01722 ms
Elapsed time: 8.03335 ms
Elapsed time: 8.00884 ms
Elapsed time: 8.00871 ms
Elapsed time: 8.01864 ms
Elapsed time: 8.01181 ms
Elapsed time: 8.02277 ms
Finished running CLUE algorithm

input file data/input/toyDetector_8000.csv
output file data/output/toyDetector_8000_3_5_5_8.csv
Start to load input points
Finished loading input points
Start to run CLUE algorithm
Elapsed time: 8.53671 ms
Elapsed time: 8.53411 ms
Elapsed time: 8.53807 ms
Elapsed time: 8.53528 ms
Elapsed time: 8.52732 ms
Elapsed time: 8.53811 ms
Elapsed time: 8.47303 ms
Elapsed time: 8.52361 ms
Elapsed time: 8.52137 ms
Elapsed time: 8.42931 ms
Finished running CLUE algorithm

input file data/input/toyDetector_9000.csv
output file data/output/toyDetector_9000_3_5_5_8.csv
Start to load input points
Finished loading input points
Start to run CLUE algorithm
Elapsed time: 9.39207 ms
Elapsed time: 9.36375 ms
Elapsed time: 9.37228 ms
Elapsed time: 9.36618 ms
Elapsed time: 9.37054 ms
Elapsed time: 9.36991 ms
Elapsed time: 9.36448 ms
Elapsed time: 9.37553 ms
Elapsed time: 9.36408 ms
Elapsed time: 9.36405 ms
Finished running CLUE algorithm

input file data/input/toyDetector_10000.csv
output file data/output/toyDetector_10000_3_5_5_8.csv
Start to load input points
Finished loading input points
Start to run CLUE algorithm
Elapsed time: 10.4256 ms
Elapsed time: 10.3752 ms
Elapsed time: 10.3897 ms
Elapsed time: 10.3951 ms
Elapsed time: 10.3834 ms
Elapsed time: 10.3796 ms
Elapsed time: 10.3792 ms
Elapsed time: 10.3765 ms
Elapsed time: 10.3513 ms
Elapsed time: 10.3949 ms
Finished running CLUE algorithm

----------------
running with CUPLA CPU TBB
----------------
input file data/input/toyDetector_1000.csv
output file data/output/toyDetector_1000_3_5_5_8.csv
Start to load input points
Finished loading input points
Start to run CLUE algorithm
Elapsed time: 51.2778 ms
Elapsed time: 26.4448 ms
Elapsed time: 26.4178 ms
Elapsed time: 26.4374 ms
Elapsed time: 26.4254 ms
Elapsed time: 26.3633 ms
Elapsed time: 26.8325 ms
Elapsed time: 26.3232 ms
Elapsed time: 26.9525 ms
Elapsed time: 26.4119 ms
Finished running CLUE algorithm

input file data/input/toyDetector_2000.csv
output file data/output/toyDetector_2000_3_5_5_8.csv
Start to load input points
Finished loading input points
Start to run CLUE algorithm
Elapsed time: 63.2549 ms
Elapsed time: 35.8439 ms
Elapsed time: 35.7819 ms
Elapsed time: 35.9167 ms
Elapsed time: 35.828 ms
Elapsed time: 35.8865 ms
Elapsed time: 35.7884 ms
Elapsed time: 35.8604 ms
Elapsed time: 35.8928 ms
Elapsed time: 35.8981 ms
Finished running CLUE algorithm

input file data/input/toyDetector_3000.csv
output file data/output/toyDetector_3000_3_5_5_8.csv
Start to load input points
Finished loading input points
Start to run CLUE algorithm
Elapsed time: 73.5439 ms
Elapsed time: 45.5285 ms
Elapsed time: 45.5452 ms
Elapsed time: 45.6823 ms
Elapsed time: 45.5302 ms
Elapsed time: 45.5646 ms
Elapsed time: 45.5396 ms
Elapsed time: 45.6928 ms
Elapsed time: 45.963 ms
Elapsed time: 45.6136 ms
Finished running CLUE algorithm

input file data/input/toyDetector_4000.csv
output file data/output/toyDetector_4000_3_5_5_8.csv
Start to load input points
Finished loading input points
Start to run CLUE algorithm
Elapsed time: 86.6106 ms
Elapsed time: 57.4729 ms
Elapsed time: 57.4633 ms
Elapsed time: 57.5264 ms
Elapsed time: 57.5224 ms
Elapsed time: 57.5141 ms
Elapsed time: 57.566 ms
Elapsed time: 57.667 ms
Elapsed time: 57.5004 ms
Elapsed time: 57.5578 ms
Finished running CLUE algorithm

input file data/input/toyDetector_5000.csv
output file data/output/toyDetector_5000_3_5_5_8.csv
Start to load input points
Finished loading input points
Start to run CLUE algorithm
Elapsed time: 98.0965 ms
Elapsed time: 67.0001 ms
Elapsed time: 66.928 ms
Elapsed time: 67.0178 ms
Elapsed time: 66.9374 ms
Elapsed time: 67.4966 ms
Elapsed time: 66.945 ms
Elapsed time: 66.9335 ms
Elapsed time: 66.9761 ms
Elapsed time: 66.8108 ms
Finished running CLUE algorithm

input file data/input/toyDetector_6000.csv
output file data/output/toyDetector_6000_3_5_5_8.csv
Start to load input points
Finished loading input points
Start to run CLUE algorithm
Elapsed time: 109.783 ms
Elapsed time: 77.5503 ms
Elapsed time: 77.5521 ms
Elapsed time: 77.4552 ms
Elapsed time: 77.3702 ms
Elapsed time: 77.5113 ms
Elapsed time: 77.343 ms
Elapsed time: 77.5211 ms
Elapsed time: 77.3641 ms
Elapsed time: 77.5898 ms
Finished running CLUE algorithm

input file data/input/toyDetector_7000.csv
output file data/output/toyDetector_7000_3_5_5_8.csv
Start to load input points
Finished loading input points
Start to run CLUE algorithm
Elapsed time: 123.328 ms
Elapsed time: 89.1093 ms
Elapsed time: 89.3543 ms
Elapsed time: 89.1447 ms
Elapsed time: 88.9235 ms
Elapsed time: 88.8051 ms
Elapsed time: 93.2946 ms
Elapsed time: 88.9077 ms
Elapsed time: 89.4002 ms
Elapsed time: 89.353 ms
Finished running CLUE algorithm

input file data/input/toyDetector_8000.csv
output file data/output/toyDetector_8000_3_5_5_8.csv
Start to load input points
Finished loading input points
Start to run CLUE algorithm
Elapsed time: 136.469 ms
Elapsed time: 100.443 ms
Elapsed time: 100.149 ms
Elapsed time: 100.368 ms
Elapsed time: 100.869 ms
Elapsed time: 100.338 ms
Elapsed time: 100.286 ms
Elapsed time: 100.341 ms
Elapsed time: 100.763 ms
Elapsed time: 101.164 ms
Finished running CLUE algorithm

input file data/input/toyDetector_9000.csv
output file data/output/toyDetector_9000_3_5_5_8.csv
Start to load input points
Finished loading input points
Start to run CLUE algorithm
Elapsed time: 148.298 ms
Elapsed time: 110.977 ms
Elapsed time: 111.122 ms
Elapsed time: 111.164 ms
Elapsed time: 111.105 ms
Elapsed time: 111.02 ms
Elapsed time: 111.031 ms
Elapsed time: 111.101 ms
Elapsed time: 111.054 ms
Elapsed time: 110.868 ms
Finished running CLUE algorithm

input file data/input/toyDetector_10000.csv
output file data/output/toyDetector_10000_3_5_5_8.csv
Start to load input points
Finished loading input points
Start to run CLUE algorithm
Elapsed time: 160.717 ms
Elapsed time: 122.232 ms
Elapsed time: 122.516 ms
Elapsed time: 122.577 ms
Elapsed time: 122.143 ms
Elapsed time: 122.27 ms
Elapsed time: 122.331 ms
Elapsed time: 122.235 ms
Elapsed time: 122.263 ms
Elapsed time: 122.352 ms
Finished running CLUE algorithm

----------------
running with CUPLA CPU Serial
----------------
input file data/input/toyDetector_1000.csv
output file data/output/toyDetector_1000_3_5_5_8.csv
Start to load input points
Finished loading input points
Start to run CLUE algorithm
Elapsed time: 73.1837 ms
Elapsed time: 50.6585 ms
Elapsed time: 50.4846 ms
Elapsed time: 50.7035 ms
Elapsed time: 51.0139 ms
Elapsed time: 50.6227 ms
Elapsed time: 50.6941 ms
Elapsed time: 50.8206 ms
Elapsed time: 50.7461 ms
Elapsed time: 50.6468 ms
Finished running CLUE algorithm

input file data/input/toyDetector_2000.csv
output file data/output/toyDetector_2000_3_5_5_8.csv
Start to load input points
Finished loading input points
Start to run CLUE algorithm
Elapsed time: 122.128 ms
Elapsed time: 97.9661 ms
Elapsed time: 98.1006 ms
Elapsed time: 97.5474 ms
Elapsed time: 98.9661 ms
Elapsed time: 96.8529 ms
Elapsed time: 96.3438 ms
Elapsed time: 96.8592 ms
Elapsed time: 96.4653 ms
Elapsed time: 96.9361 ms
Finished running CLUE algorithm

input file data/input/toyDetector_3000.csv
output file data/output/toyDetector_3000_3_5_5_8.csv
Start to load input points
Finished loading input points
Start to run CLUE algorithm
Elapsed time: 173.972 ms
Elapsed time: 142.193 ms
Elapsed time: 142.547 ms
Elapsed time: 140.894 ms
Elapsed time: 142.342 ms
Elapsed time: 141.936 ms
Elapsed time: 142.58 ms
Elapsed time: 140.875 ms
Elapsed time: 140.994 ms
Elapsed time: 142.877 ms
Finished running CLUE algorithm

input file data/input/toyDetector_4000.csv
output file data/output/toyDetector_4000_3_5_5_8.csv
Start to load input points
Finished loading input points
Start to run CLUE algorithm
Elapsed time: 229.695 ms
Elapsed time: 201.959 ms
Elapsed time: 201.916 ms
Elapsed time: 202.303 ms
Elapsed time: 201.388 ms
Elapsed time: 202.453 ms
Elapsed time: 202.565 ms
Elapsed time: 202.354 ms
Elapsed time: 202.033 ms
Elapsed time: 202.492 ms
Finished running CLUE algorithm

input file data/input/toyDetector_5000.csv
output file data/output/toyDetector_5000_3_5_5_8.csv
Start to load input points
Finished loading input points
Start to run CLUE algorithm
Elapsed time: 283.205 ms
Elapsed time: 252.497 ms
Elapsed time: 252.724 ms
Elapsed time: 252.204 ms
Elapsed time: 252.85 ms
Elapsed time: 252.145 ms
Elapsed time: 252.24 ms
Elapsed time: 252.475 ms
Elapsed time: 252.501 ms
Elapsed time: 251.57 ms
Finished running CLUE algorithm

input file data/input/toyDetector_6000.csv
output file data/output/toyDetector_6000_3_5_5_8.csv
Start to load input points
Finished loading input points
Start to run CLUE algorithm
Elapsed time: 327.929 ms
Elapsed time: 298.28 ms
Elapsed time: 297.988 ms
Elapsed time: 298.561 ms
Elapsed time: 298.37 ms
Elapsed time: 298.346 ms
Elapsed time: 298.622 ms
Elapsed time: 298.343 ms
Elapsed time: 297.76 ms
Elapsed time: 297.315 ms
Finished running CLUE algorithm

input file data/input/toyDetector_7000.csv
output file data/output/toyDetector_7000_3_5_5_8.csv
Start to load input points
Finished loading input points
Start to run CLUE algorithm
Elapsed time: 395.278 ms
Elapsed time: 362.344 ms
Elapsed time: 361.621 ms
Elapsed time: 361.967 ms
Elapsed time: 361.992 ms
Elapsed time: 362.017 ms
Elapsed time: 361.887 ms
Elapsed time: 361.684 ms
Elapsed time: 361.959 ms
Elapsed time: 361.373 ms
Finished running CLUE algorithm

input file data/input/toyDetector_8000.csv
output file data/output/toyDetector_8000_3_5_5_8.csv
Start to load input points
Finished loading input points
Start to run CLUE algorithm
Elapsed time: 453.231 ms
Elapsed time: 421.162 ms
Elapsed time: 421.854 ms
Elapsed time: 421.431 ms
Elapsed time: 421.05 ms
Elapsed time: 420.309 ms
Elapsed time: 421.457 ms
Elapsed time: 422.469 ms
Elapsed time: 420.97 ms
Elapsed time: 422.492 ms
Finished running CLUE algorithm

input file data/input/toyDetector_9000.csv
output file data/output/toyDetector_9000_3_5_5_8.csv
Start to load input points
Finished loading input points
Start to run CLUE algorithm
Elapsed time: 515.762 ms
Elapsed time: 479.538 ms
Elapsed time: 479.933 ms
Elapsed time: 480.522 ms
Elapsed time: 481.176 ms
Elapsed time: 481.139 ms
Elapsed time: 480.463 ms
Elapsed time: 481.012 ms
Elapsed time: 493.286 ms
Elapsed time: 479.775 ms
Finished running CLUE algorithm

input file data/input/toyDetector_10000.csv
output file data/output/toyDetector_10000_3_5_5_8.csv
Start to load input points
Finished loading input points
Start to run CLUE algorithm
Elapsed time: 572.009 ms
Elapsed time: 535.13 ms
Elapsed time: 535.076 ms
Elapsed time: 534.776 ms
Elapsed time: 535.824 ms
Elapsed time: 536.107 ms
Elapsed time: 535.891 ms
Elapsed time: 535.613 ms
Elapsed time: 535.239 ms
Elapsed time: 535.824 ms
Finished running CLUE algorithm

----------------
running with CUPLA CUDA
----------------
input file data/input/toyDetector_1000.csv
output file data/output/toyDetector_1000_3_5_5_8.csv
Start to load input points
Finished loading input points
Start to run CLUE algorithm
Elapsed time: 1.67142 ms
Elapsed time: 1.56974 ms
Elapsed time: 1.54919 ms
Elapsed time: 1.55598 ms
Elapsed time: 1.55126 ms
Elapsed time: 1.5749 ms
Elapsed time: 1.55232 ms
Elapsed time: 1.5555 ms
Elapsed time: 1.55286 ms
Elapsed time: 1.56862 ms
Finished running CLUE algorithm

input file data/input/toyDetector_2000.csv
output file data/output/toyDetector_2000_3_5_5_8.csv
Start to load input points
Finished loading input points
Start to run CLUE algorithm
Elapsed time: 2.78273 ms
Elapsed time: 2.73537 ms
Elapsed time: 2.71522 ms
Elapsed time: 2.73037 ms
Elapsed time: 2.71883 ms
Elapsed time: 2.73784 ms
Elapsed time: 2.72402 ms
Elapsed time: 2.73134 ms
Elapsed time: 2.72053 ms
Elapsed time: 2.73054 ms
Finished running CLUE algorithm

input file data/input/toyDetector_3000.csv
output file data/output/toyDetector_3000_3_5_5_8.csv
Start to load input points
Finished loading input points
Start to run CLUE algorithm
Elapsed time: 3.93396 ms
Elapsed time: 3.89533 ms
Elapsed time: 3.91074 ms
Elapsed time: 3.89249 ms
Elapsed time: 3.89358 ms
Elapsed time: 3.89224 ms
Elapsed time: 3.89125 ms
Elapsed time: 3.89276 ms
Elapsed time: 3.89101 ms
Elapsed time: 3.88794 ms
Finished running CLUE algorithm

input file data/input/toyDetector_4000.csv
output file data/output/toyDetector_4000_3_5_5_8.csv
Start to load input points
Finished loading input points
Start to run CLUE algorithm
Elapsed time: 5.01008 ms
Elapsed time: 4.98082 ms
Elapsed time: 4.96243 ms
Elapsed time: 4.98185 ms
Elapsed time: 4.98414 ms
Elapsed time: 4.96659 ms
Elapsed time: 4.95305 ms
Elapsed time: 4.9767 ms
Elapsed time: 4.97518 ms
Elapsed time: 4.96866 ms
Finished running CLUE algorithm

input file data/input/toyDetector_5000.csv
output file data/output/toyDetector_5000_3_5_5_8.csv
Start to load input points
Finished loading input points
Start to run CLUE algorithm
Elapsed time: 6.06397 ms
Elapsed time: 6.0124 ms
Elapsed time: 6.02116 ms
Elapsed time: 6.00912 ms
Elapsed time: 6.0235 ms
Elapsed time: 6.01675 ms
Elapsed time: 6.02096 ms
Elapsed time: 6.02451 ms
Elapsed time: 6.00769 ms
Elapsed time: 6.01684 ms
Finished running CLUE algorithm

input file data/input/toyDetector_6000.csv
output file data/output/toyDetector_6000_3_5_5_8.csv
Start to load input points
Finished loading input points
Start to run CLUE algorithm
Elapsed time: 6.91599 ms
Elapsed time: 6.89029 ms
Elapsed time: 6.86961 ms
Elapsed time: 6.85449 ms
Elapsed time: 6.8716 ms
Elapsed time: 6.88068 ms
Elapsed time: 6.85192 ms
Elapsed time: 6.86461 ms
Elapsed time: 6.85558 ms
Elapsed time: 6.85515 ms
Finished running CLUE algorithm

input file data/input/toyDetector_7000.csv
output file data/output/toyDetector_7000_3_5_5_8.csv
Start to load input points
Finished loading input points
Start to run CLUE algorithm
Elapsed time: 8.16963 ms
Elapsed time: 8.11704 ms
Elapsed time: 8.13725 ms
Elapsed time: 8.13375 ms
Elapsed time: 8.11308 ms
Elapsed time: 8.11186 ms
Elapsed time: 8.10316 ms
Elapsed time: 8.11356 ms
Elapsed time: 8.10845 ms
Elapsed time: 8.10553 ms
Finished running CLUE algorithm

input file data/input/toyDetector_8000.csv
output file data/output/toyDetector_8000_3_5_5_8.csv
Start to load input points
Finished loading input points
Start to run CLUE algorithm
Elapsed time: 8.99404 ms
Elapsed time: 8.94902 ms
Elapsed time: 8.88398 ms
Elapsed time: 8.93992 ms
Elapsed time: 8.93728 ms
Elapsed time: 8.93851 ms
Elapsed time: 8.91684 ms
Elapsed time: 8.90107 ms
Elapsed time: 8.86812 ms
Elapsed time: 8.89881 ms
Finished running CLUE algorithm

input file data/input/toyDetector_9000.csv
output file data/output/toyDetector_9000_3_5_5_8.csv
Start to load input points
Finished loading input points
Start to run CLUE algorithm
Elapsed time: 10.0125 ms
Elapsed time: 9.98783 ms
Elapsed time: 9.9708 ms
Elapsed time: 9.97745 ms
Elapsed time: 9.96637 ms
Elapsed time: 9.92875 ms
Elapsed time: 9.92432 ms
Elapsed time: 9.94399 ms
Elapsed time: 9.93054 ms
Elapsed time: 9.90867 ms
Finished running CLUE algorithm

input file data/input/toyDetector_10000.csv
output file data/output/toyDetector_10000_3_5_5_8.csv
Start to load input points
Finished loading input points
Start to run CLUE algorithm
Elapsed time: 10.7159 ms
Elapsed time: 10.6658 ms
Elapsed time: 10.6597 ms
Elapsed time: 10.6521 ms
Elapsed time: 10.6627 ms
Elapsed time: 10.6484 ms
Elapsed time: 10.5783 ms
Elapsed time: 10.57 ms
Elapsed time: 10.5869 ms
Elapsed time: 10.5735 ms
Finished running CLUE algorithm

