----------------
running with GPU
----------------
input file data/input/toyDetector_1000.csv
output file data/output/toyDetector_1000_3_5_5_8.csv
Start to load input points
Finished loading input points
Start to run CLUE algorithm
==5106== NVPROF is profiling process 5106, command: ./main toyDetector_1000 3 5 5 8 1 10 0
Elapsed time: 0.233358 ms
Elapsed time: 0.199915 ms
Elapsed time: 0.195819 ms
Elapsed time: 0.195187 ms
Elapsed time: 0.193964 ms
Elapsed time: 0.190137 ms
Elapsed time: 0.189756 ms
Elapsed time: 0.190739 ms
Elapsed time: 0.190749 ms
Elapsed time: 0.190588 ms
Finished running CLUE algorithm

==5106== Profiling application: ./main toyDetector_1000 3 5 5 8 1 10 0
==5106== Profiling result:
            Type  Time(%)      Time     Calls       Avg       Min       Max  Name
 GPU activities:   40.21%  470.10us        10  47.009us  46.690us  47.362us  kernel_compute_distanceToHigher(LayerTilesGPU*, PointsPtr, float, int)
                   32.17%  376.14us        10  37.613us  37.377us  38.145us  kernel_compute_density(LayerTilesGPU*, PointsPtr, float, int)
                   10.83%  126.66us        10  12.665us  12.320us  13.024us  kernel_assign_clusters(GPU::VecArray<int, int=100000> const *, GPU::VecArray<int, int=20> const *, PointsPtr, int)
                    6.16%  72.032us        80     900ns     768ns  1.2800us  [CUDA memset]
                    4.28%  49.987us        40  1.2490us  1.2160us  1.3760us  [CUDA memcpy HtoD]
                    2.96%  34.593us        10  3.4590us  3.4240us  3.7440us  kernel_find_clusters(GPU::VecArray<int, int=100000>*, GPU::VecArray<int, int=20>*, PointsPtr, float, float, float, int)
                    2.39%  27.968us        10  2.7960us  2.6880us  3.2320us  kernel_compute_histogram(LayerTilesGPU*, PointsPtr, int)
                    0.99%  11.584us        10  1.1580us  1.1200us  1.2800us  [CUDA memcpy DtoH]
      API calls:   96.07%  154.80ms        12  12.900ms  5.8910us  153.81ms  cudaMalloc
                    2.15%  3.4577ms        12  288.14us  6.1220us  1.5382ms  cudaFree
                    0.77%  1.2378ms        50  24.756us  6.2220us  96.571us  cudaMemcpy
                    0.30%  486.16us        97  5.0110us     140ns  216.81us  cuDeviceGetAttribute
                    0.26%  415.58us         1  415.58us  415.58us  415.58us  cuDeviceTotalMem
                    0.23%  373.02us        80  4.6620us  2.3350us  18.455us  cudaMemset
                    0.19%  305.49us        50  6.1090us  4.9890us  27.872us  cudaLaunchKernel
                    0.03%  54.863us         1  54.863us  54.863us  54.863us  cuDeviceGetName
                    0.00%  2.4850us         1  2.4850us  2.4850us  2.4850us  cuDeviceGetPCIBusId
                    0.00%  1.0330us         3     344ns     150ns     652ns  cuDeviceGetCount
                    0.00%     861ns         2     430ns     170ns     691ns  cuDeviceGet
                    0.00%     241ns         1     241ns     241ns     241ns  cuDeviceGetUuid
input file data/input/toyDetector_2000.csv
output file data/output/toyDetector_2000_3_5_5_8.csv
Start to load input points
Finished loading input points
Start to run CLUE algorithm
==5120== NVPROF is profiling process 5120, command: ./main toyDetector_2000 3 5 5 8 1 10 0
Elapsed time: 0.257214 ms
Elapsed time: 0.221868 ms
Elapsed time: 0.219633 ms
Elapsed time: 0.219703 ms
Elapsed time: 0.220695 ms
Elapsed time: 0.21797 ms
Elapsed time: 0.216737 ms
Elapsed time: 0.217539 ms
Elapsed time: 0.217419 ms
Elapsed time: 0.216537 ms
Finished running CLUE algorithm

==5120== Profiling application: ./main toyDetector_2000 3 5 5 8 1 10 0
==5120== Profiling result:
            Type  Time(%)      Time     Calls       Avg       Min       Max  Name
 GPU activities:   40.74%  579.28us        10  57.927us  57.441us  58.402us  kernel_compute_distanceToHigher(LayerTilesGPU*, PointsPtr, float, int)
                   28.58%  406.42us        10  40.641us  40.066us  41.282us  kernel_compute_density(LayerTilesGPU*, PointsPtr, float, int)
                   14.83%  210.88us        10  21.088us  20.161us  21.792us  kernel_assign_clusters(GPU::VecArray<int, int=100000> const *, GPU::VecArray<int, int=20> const *, PointsPtr, int)
                    5.51%  78.307us        80     978ns     768ns  1.4400us  [CUDA memset]
                    4.68%  66.531us        40  1.6630us  1.6320us  1.9840us  [CUDA memcpy HtoD]
                    2.52%  35.842us        10  3.5840us  3.5200us  3.8720us  kernel_find_clusters(GPU::VecArray<int, int=100000>*, GPU::VecArray<int, int=20>*, PointsPtr, float, float, float, int)
                    1.96%  27.872us        10  2.7870us  2.6880us  3.1680us  kernel_compute_histogram(LayerTilesGPU*, PointsPtr, int)
                    1.19%  16.864us        10  1.6860us  1.6320us  1.9840us  [CUDA memcpy DtoH]
      API calls:   96.41%  147.36ms        12  12.280ms  6.1420us  146.37ms  cudaMalloc
                    1.37%  2.0922ms        12  174.35us  6.4020us  202.37us  cudaFree
                    0.99%  1.5177ms        50  30.354us  6.2520us  122.15us  cudaMemcpy
                    0.44%  669.23us         1  669.23us  669.23us  669.23us  cuDeviceTotalMem
                    0.31%  478.70us        97  4.9350us     250ns  210.40us  cuDeviceGetAttribute
                    0.24%  360.90us        80  4.5110us  2.2740us  19.376us  cudaMemset
                    0.19%  296.06us        50  5.9210us  4.9290us  27.693us  cudaLaunchKernel
                    0.05%  72.707us         1  72.707us  72.707us  72.707us  cuDeviceGetName
                    0.00%  2.7750us         3     925ns     240ns  2.0240us  cuDeviceGetCount
                    0.00%  2.7650us         1  2.7650us  2.7650us  2.7650us  cuDeviceGetPCIBusId
                    0.00%  1.3330us         2     666ns     311ns  1.0220us  cuDeviceGet
                    0.00%     401ns         1     401ns     401ns     401ns  cuDeviceGetUuid
input file data/input/toyDetector_3000.csv
output file data/output/toyDetector_3000_3_5_5_8.csv
Start to load input points
Finished loading input points
Start to run CLUE algorithm
==5135== NVPROF is profiling process 5135, command: ./main toyDetector_3000 3 5 5 8 1 10 0
Elapsed time: 0.269537 ms
Elapsed time: 0.248988 ms
Elapsed time: 0.237627 ms
Elapsed time: 0.235202 ms
Elapsed time: 0.235092 ms
Elapsed time: 0.234801 ms
Elapsed time: 0.234992 ms
Elapsed time: 0.231666 ms
Elapsed time: 0.230653 ms
Elapsed time: 0.230243 ms
Finished running CLUE algorithm

==5135== Profiling application: ./main toyDetector_3000 3 5 5 8 1 10 0
==5135== Profiling result:
            Type  Time(%)      Time     Calls       Avg       Min       Max  Name
 GPU activities:   38.86%  606.54us        10  60.654us  60.353us  61.409us  kernel_compute_distanceToHigher(LayerTilesGPU*, PointsPtr, float, int)
                   30.71%  479.41us        10  47.940us  47.425us  48.482us  kernel_compute_density(LayerTilesGPU*, PointsPtr, float, int)
                   14.22%  221.96us        10  22.195us  21.441us  23.040us  kernel_assign_clusters(GPU::VecArray<int, int=100000> const *, GPU::VecArray<int, int=20> const *, PointsPtr, int)
                    5.41%  84.386us        80  1.0540us     768ns  1.5370us  [CUDA memset]
                    5.25%  81.953us        40  2.0480us  2.0160us  2.3360us  [CUDA memcpy HtoD]
                    2.30%  35.843us        10  3.5840us  3.5520us  3.8720us  kernel_find_clusters(GPU::VecArray<int, int=100000>*, GPU::VecArray<int, int=20>*, PointsPtr, float, float, float, int)
                    1.82%  28.386us        10  2.8380us  2.7520us  3.3600us  kernel_compute_histogram(LayerTilesGPU*, PointsPtr, int)
                    1.44%  22.528us        10  2.2520us  2.1760us  2.4960us  [CUDA memcpy DtoH]
      API calls:   96.09%  139.19ms        12  11.599ms  5.7710us  138.20ms  cudaMalloc
                    1.45%  2.0998ms        12  174.99us  6.1920us  202.48us  cudaFree
                    1.15%  1.6640ms        50  33.280us  6.7430us  140.85us  cudaMemcpy
                    0.45%  658.87us         1  658.87us  658.87us  658.87us  cuDeviceTotalMem
                    0.34%  487.68us        97  5.0270us     251ns  221.11us  cuDeviceGetAttribute
                    0.26%  381.03us        80  4.7620us  2.3240us  18.515us  cudaMemset
                    0.20%  294.06us        50  5.8810us  4.8190us  26.780us  cudaLaunchKernel
                    0.05%  72.506us         1  72.506us  72.506us  72.506us  cuDeviceGetName
                    0.00%  2.8350us         1  2.8350us  2.8350us  2.8350us  cuDeviceGetPCIBusId
                    0.00%  2.4440us         3     814ns     260ns  1.7430us  cuDeviceGetCount
                    0.00%  1.5840us         2     792ns     281ns  1.3030us  cuDeviceGet
                    0.00%     390ns         1     390ns     390ns     390ns  cuDeviceGetUuid
input file data/input/toyDetector_4000.csv
output file data/output/toyDetector_4000_3_5_5_8.csv
Start to load input points
Finished loading input points
Start to run CLUE algorithm
==5150== NVPROF is profiling process 5150, command: ./main toyDetector_4000 3 5 5 8 1 10 0
Elapsed time: 0.320232 ms
Elapsed time: 0.287621 ms
Elapsed time: 0.282952 ms
Elapsed time: 0.282161 ms
Elapsed time: 0.280958 ms
Elapsed time: 0.304893 ms
Elapsed time: 0.28184 ms
Elapsed time: 0.278844 ms
Elapsed time: 0.278023 ms
Elapsed time: 0.277822 ms
Finished running CLUE algorithm

==5150== Profiling application: ./main toyDetector_4000 3 5 5 8 1 10 0
==5150== Profiling result:
            Type  Time(%)      Time     Calls       Avg       Min       Max  Name
 GPU activities:   39.75%  790.14us        10  79.013us  78.691us  79.362us  kernel_compute_distanceToHigher(LayerTilesGPU*, PointsPtr, float, int)
                   25.35%  503.95us        10  50.395us  50.082us  50.881us  kernel_compute_density(LayerTilesGPU*, PointsPtr, float, int)
                   20.68%  411.15us        10  41.114us  39.681us  42.658us  kernel_assign_clusters(GPU::VecArray<int, int=100000> const *, GPU::VecArray<int, int=20> const *, PointsPtr, int)
                    4.93%  98.018us        40  2.4500us  2.4000us  2.6560us  [CUDA memcpy HtoD]
                    4.59%  91.171us        80  1.1390us     768ns  1.6000us  [CUDA memset]
                    1.83%  36.449us        10  3.6440us  3.5840us  3.9360us  kernel_find_clusters(GPU::VecArray<int, int=100000>*, GPU::VecArray<int, int=20>*, PointsPtr, float, float, float, int)
                    1.44%  28.673us        10  2.8670us  2.7840us  3.1360us  [CUDA memcpy DtoH]
                    1.42%  28.257us        10  2.8250us  2.7200us  3.3280us  kernel_compute_histogram(LayerTilesGPU*, PointsPtr, int)
      API calls:   95.41%  127.53ms        12  10.627ms  5.8710us  126.54ms  cudaMalloc
                    1.59%  2.1194ms        50  42.387us  7.0740us  173.11us  cudaMemcpy
                    1.57%  2.0976ms        12  174.80us  6.4820us  206.19us  cudaFree
                    0.50%  670.86us         1  670.86us  670.86us  670.86us  cuDeviceTotalMem
                    0.36%  476.82us        97  4.9150us     250ns  208.65us  cuDeviceGetAttribute
                    0.30%  398.05us        80  4.9750us  2.3240us  27.131us  cudaMemset
                    0.23%  301.45us        50  6.0280us  4.8990us  27.722us  cudaLaunchKernel
                    0.05%  66.345us         1  66.345us  66.345us  66.345us  cuDeviceGetName
                    0.00%  2.6750us         1  2.6750us  2.6750us  2.6750us  cuDeviceGetPCIBusId
                    0.00%  2.4760us         3     825ns     271ns  1.7640us  cuDeviceGetCount
                    0.00%  1.2220us         2     611ns     321ns     901ns  cuDeviceGet
                    0.00%     381ns         1     381ns     381ns     381ns  cuDeviceGetUuid
input file data/input/toyDetector_5000.csv
output file data/output/toyDetector_5000_3_5_5_8.csv
Start to load input points
Finished loading input points
Start to run CLUE algorithm
==5168== NVPROF is profiling process 5168, command: ./main toyDetector_5000 3 5 5 8 1 10 0
Elapsed time: 0.328097 ms
Elapsed time: 0.294243 ms
Elapsed time: 0.290467 ms
Elapsed time: 0.28206 ms
Elapsed time: 0.280718 ms
Elapsed time: 0.280036 ms
Elapsed time: 0.289013 ms
Elapsed time: 0.281098 ms
Elapsed time: 0.289314 ms
Elapsed time: 0.289514 ms
Finished running CLUE algorithm

==5168== Profiling application: ./main toyDetector_5000 3 5 5 8 1 10 0
==5168== Profiling result:
            Type  Time(%)      Time     Calls       Avg       Min       Max  Name
 GPU activities:   35.53%  723.03us        10  72.303us  72.034us  72.547us  kernel_compute_distanceToHigher(LayerTilesGPU*, PointsPtr, float, int)
                   26.57%  540.75us        10  54.075us  53.602us  54.690us  kernel_compute_density(LayerTilesGPU*, PointsPtr, float, int)
                   22.57%  459.25us        10  45.924us  43.969us  48.769us  kernel_assign_clusters(GPU::VecArray<int, int=100000> const *, GPU::VecArray<int, int=20> const *, PointsPtr, int)
                    5.62%  114.31us        40  2.8570us  2.8160us  3.0400us  [CUDA memcpy HtoD]
                    4.76%  96.771us        80  1.2090us     768ns  1.7280us  [CUDA memset]
                    1.79%  36.449us        10  3.6440us  3.5840us  4.0320us  kernel_find_clusters(GPU::VecArray<int, int=100000>*, GPU::VecArray<int, int=20>*, PointsPtr, float, float, float, int)
                    1.71%  34.722us        10  3.4720us  3.3920us  3.7120us  [CUDA memcpy DtoH]
                    1.45%  29.602us        10  2.9600us  2.7840us  3.3290us  kernel_compute_histogram(LayerTilesGPU*, PointsPtr, int)
      API calls:   95.53%  134.44ms        12  11.203ms  6.1710us  133.40ms  cudaMalloc
                    1.57%  2.2039ms        50  44.078us  7.2430us  181.34us  cudaMemcpy
                    1.49%  2.0954ms        12  174.62us  6.1210us  201.99us  cudaFree
                    0.55%  770.59us         1  770.59us  770.59us  770.59us  cuDeviceTotalMem
                    0.36%  505.06us        97  5.2060us     290ns  219.78us  cuDeviceGetAttribute
                    0.26%  361.15us        80  4.5140us  2.2940us  19.647us  cudaMemset
                    0.20%  287.13us        50  5.7420us  4.8390us  23.294us  cudaLaunchKernel
                    0.04%  60.544us         1  60.544us  60.544us  60.544us  cuDeviceGetName
                    0.00%  2.6450us         1  2.6450us  2.6450us  2.6450us  cuDeviceGetPCIBusId
                    0.00%  2.2340us         3     744ns     331ns  1.3620us  cuDeviceGetCount
                    0.00%  1.3330us         2     666ns     331ns  1.0020us  cuDeviceGet
                    0.00%     480ns         1     480ns     480ns     480ns  cuDeviceGetUuid
input file data/input/toyDetector_6000.csv
output file data/output/toyDetector_6000_3_5_5_8.csv
Start to load input points
Finished loading input points
Start to run CLUE algorithm
==5183== NVPROF is profiling process 5183, command: ./main toyDetector_6000 3 5 5 8 1 10 0
Elapsed time: 0.316866 ms
Elapsed time: 0.290736 ms
Elapsed time: 0.279545 ms
Elapsed time: 0.284405 ms
Elapsed time: 0.284095 ms
Elapsed time: 0.285106 ms
Elapsed time: 0.283383 ms
Elapsed time: 0.276721 ms
Elapsed time: 0.27616 ms
Elapsed time: 0.276811 ms
Finished running CLUE algorithm

==5183== Profiling application: ./main toyDetector_6000 3 5 5 8 1 10 0
==5183== Profiling result:
            Type  Time(%)      Time     Calls       Avg       Min       Max  Name
 GPU activities:   39.39%  782.14us        10  78.213us  77.570us  79.459us  kernel_compute_distanceToHigher(LayerTilesGPU*, PointsPtr, float, int)
                   25.91%  514.45us        10  51.444us  50.754us  52.353us  kernel_compute_density(LayerTilesGPU*, PointsPtr, float, int)
                   17.38%  345.13us        10  34.513us  33.249us  35.425us  kernel_assign_clusters(GPU::VecArray<int, int=100000> const *, GPU::VecArray<int, int=20> const *, PointsPtr, int)
                    6.56%  130.24us        40  3.2560us  3.2000us  3.4570us  [CUDA memcpy HtoD]
                    5.19%  102.98us        80  1.2870us     768ns  1.7600us  [CUDA memset]
                    2.04%  40.513us        10  4.0510us  3.9680us  4.2880us  [CUDA memcpy DtoH]
                    1.86%  36.832us        10  3.6830us  3.6160us  4.1920us  kernel_find_clusters(GPU::VecArray<int, int=100000>*, GPU::VecArray<int, int=20>*, PointsPtr, float, float, float, int)
                    1.67%  33.154us        10  3.3150us  3.1360us  3.5850us  kernel_compute_histogram(LayerTilesGPU*, PointsPtr, int)
      API calls:   95.91%  144.06ms        12  12.005ms  5.8110us  143.06ms  cudaMalloc
                    1.43%  2.1483ms        50  42.965us  7.4540us  174.07us  cudaMemcpy
                    1.39%  2.0942ms        12  174.52us  6.4520us  202.41us  cudaFree
                    0.46%  686.32us         1  686.32us  686.32us  686.32us  cuDeviceTotalMem
                    0.32%  478.70us        97  4.9350us     260ns  209.30us  cuDeviceGetAttribute
                    0.24%  354.66us        80  4.4330us  2.2740us  18.925us  cudaMemset
                    0.20%  296.75us        50  5.9340us  4.8790us  26.780us  cudaLaunchKernel
                    0.05%  70.552us         1  70.552us  70.552us  70.552us  cuDeviceGetName
                    0.00%  2.6350us         1  2.6350us  2.6350us  2.6350us  cuDeviceGetPCIBusId
                    0.00%  2.5940us         3     864ns     280ns  1.7830us  cuDeviceGetCount
                    0.00%  1.4020us         2     701ns     310ns  1.0920us  cuDeviceGet
                    0.00%     411ns         1     411ns     411ns     411ns  cuDeviceGetUuid
input file data/input/toyDetector_7000.csv
output file data/output/toyDetector_7000_3_5_5_8.csv
Start to load input points
Finished loading input points
Start to run CLUE algorithm
==5198== NVPROF is profiling process 5198, command: ./main toyDetector_7000 3 5 5 8 1 10 0
Elapsed time: 0.341853 ms
Elapsed time: 0.301988 ms
Elapsed time: 0.299363 ms
Elapsed time: 0.296788 ms
Elapsed time: 0.295455 ms
Elapsed time: 0.296357 ms
Elapsed time: 0.296157 ms
Elapsed time: 0.297459 ms
Elapsed time: 0.295495 ms
Elapsed time: 0.295475 ms
Finished running CLUE algorithm

==5198== Profiling application: ./main toyDetector_7000 3 5 5 8 1 10 0
==5198== Profiling result:
            Type  Time(%)      Time     Calls       Avg       Min       Max  Name
 GPU activities:   35.63%  768.37us        10  76.837us  76.354us  77.442us  kernel_compute_distanceToHigher(LayerTilesGPU*, PointsPtr, float, int)
                   25.99%  560.53us        10  56.053us  55.266us  56.706us  kernel_compute_density(LayerTilesGPU*, PointsPtr, float, int)
                   20.84%  449.52us        10  44.951us  44.129us  47.713us  kernel_assign_clusters(GPU::VecArray<int, int=100000> const *, GPU::VecArray<int, int=20> const *, PointsPtr, int)
                    6.79%  146.47us        40  3.6610us  3.6160us  3.9680us  [CUDA memcpy HtoD]
                    5.18%  111.75us        80  1.3960us     768ns  2.4960us  [CUDA memset]
                    2.16%  46.531us        10  4.6530us  4.5760us  4.9280us  [CUDA memcpy DtoH]
                    1.72%  37.121us        10  3.7120us  3.6160us  4.3200us  kernel_find_clusters(GPU::VecArray<int, int=100000>*, GPU::VecArray<int, int=20>*, PointsPtr, float, float, float, int)
                    1.69%  36.481us        10  3.6480us  3.4560us  3.9680us  kernel_compute_histogram(LayerTilesGPU*, PointsPtr, int)
      API calls:   95.84%  144.39ms        12  12.033ms  5.6500us  143.40ms  cudaMalloc
                    1.53%  2.3112ms        50  46.224us  7.7640us  183.43us  cudaMemcpy
                    1.39%  2.0977ms        12  174.81us  6.3020us  204.75us  cudaFree
                    0.44%  657.63us         1  657.63us  657.63us  657.63us  cuDeviceTotalMem
                    0.31%  472.61us        97  4.8720us     250ns  207.06us  cuDeviceGetAttribute
                    0.24%  355.01us        80  4.4370us  2.3040us  18.355us  cudaMemset
                    0.20%  297.68us        50  5.9530us  4.9190us  28.314us  cudaLaunchKernel
                    0.05%  70.092us         1  70.092us  70.092us  70.092us  cuDeviceGetName
                    0.00%  2.8050us         1  2.8050us  2.8050us  2.8050us  cuDeviceGetPCIBusId
                    0.00%  2.5840us         3     861ns     281ns  1.8830us  cuDeviceGetCount
                    0.00%  1.2330us         2     616ns     281ns     952ns  cuDeviceGet
                    0.00%     400ns         1     400ns     400ns     400ns  cuDeviceGetUuid
input file data/input/toyDetector_8000.csv
output file data/output/toyDetector_8000_3_5_5_8.csv
Start to load input points
Finished loading input points
Start to run CLUE algorithm
==5213== NVPROF is profiling process 5213, command: ./main toyDetector_8000 3 5 5 8 1 10 0
Elapsed time: 0.343015 ms
Elapsed time: 0.317346 ms
Elapsed time: 0.312438 ms
Elapsed time: 0.30856 ms
Elapsed time: 0.307769 ms
Elapsed time: 0.30844 ms
Elapsed time: 0.308199 ms
Elapsed time: 0.308621 ms
Elapsed time: 0.30856 ms
Elapsed time: 0.308199 ms
Finished running CLUE algorithm

==5213== Profiling application: ./main toyDetector_8000 3 5 5 8 1 10 0
==5213== Profiling result:
            Type  Time(%)      Time     Calls       Avg       Min       Max  Name
 GPU activities:   36.51%  819.80us        10  81.980us  81.603us  82.690us  kernel_compute_distanceToHigher(LayerTilesGPU*, PointsPtr, float, int)
                   26.58%  596.76us        10  59.675us  59.074us  60.674us  kernel_compute_density(LayerTilesGPU*, PointsPtr, float, int)
                   18.83%  422.80us        10  42.279us  41.217us  44.738us  kernel_assign_clusters(GPU::VecArray<int, int=100000> const *, GPU::VecArray<int, int=20> const *, PointsPtr, int)
                    7.19%  161.51us        40  4.0370us  4.0320us  4.1280us  [CUDA memcpy HtoD]
                    5.18%  116.23us        80  1.4520us     768ns  2.2400us  [CUDA memset]
                    2.32%  52.194us        10  5.2190us  5.1520us  5.5040us  [CUDA memcpy DtoH]
                    1.71%  38.400us        10  3.8400us  3.7120us  4.4480us  kernel_find_clusters(GPU::VecArray<int, int=100000>*, GPU::VecArray<int, int=20>*, PointsPtr, float, float, float, int)
                    1.67%  37.601us        10  3.7600us  3.5200us  4.1600us  kernel_compute_histogram(LayerTilesGPU*, PointsPtr, int)
      API calls:   95.07%  128.44ms        12  10.703ms  5.9410us  127.39ms  cudaMalloc
                    1.80%  2.4260ms        50  48.520us  8.2860us  194.41us  cudaMemcpy
                    1.56%  2.1020ms        12  175.17us  6.0420us  206.90us  cudaFree
                    0.64%  861.15us         1  861.15us  861.15us  861.15us  cuDeviceTotalMem
                    0.40%  541.80us        97  5.5850us     340ns  234.72us  cuDeviceGetAttribute
                    0.27%  367.74us        80  4.5960us  2.2840us  18.955us  cudaMemset
                    0.21%  287.78us        50  5.7550us  4.8590us  23.244us  cudaLaunchKernel
                    0.05%  65.713us         1  65.713us  65.713us  65.713us  cuDeviceGetName
                    0.00%  2.8050us         3     935ns     371ns  1.7830us  cuDeviceGetCount
                    0.00%  2.5440us         1  2.5440us  2.5440us  2.5440us  cuDeviceGetPCIBusId
                    0.00%  1.6440us         2     822ns     401ns  1.2430us  cuDeviceGet
                    0.00%     541ns         1     541ns     541ns     541ns  cuDeviceGetUuid
input file data/input/toyDetector_9000.csv
output file data/output/toyDetector_9000_3_5_5_8.csv
Start to load input points
Finished loading input points
Start to run CLUE algorithm
==5228== NVPROF is profiling process 5228, command: ./main toyDetector_9000 3 5 5 8 1 10 0
Elapsed time: 0.362551 ms
Elapsed time: 0.331172 ms
Elapsed time: 0.328337 ms
Elapsed time: 0.327145 ms
Elapsed time: 0.326965 ms
Elapsed time: 0.326433 ms
Elapsed time: 0.327586 ms
Elapsed time: 0.330742 ms
Elapsed time: 0.327235 ms
Elapsed time: 0.32939 ms
Finished running CLUE algorithm

==5228== Profiling application: ./main toyDetector_9000 3 5 5 8 1 10 0
==5228== Profiling result:
            Type  Time(%)      Time     Calls       Avg       Min       Max  Name
 GPU activities:   34.69%  846.14us        10  84.613us  84.130us  85.122us  kernel_compute_distanceToHigher(LayerTilesGPU*, PointsPtr, float, int)
                   24.01%  585.52us        10  58.552us  58.082us  58.946us  kernel_compute_density(LayerTilesGPU*, PointsPtr, float, int)
                   23.43%  571.57us        10  57.156us  55.234us  59.009us  kernel_assign_clusters(GPU::VecArray<int, int=100000> const *, GPU::VecArray<int, int=20> const *, PointsPtr, int)
                    7.30%  178.05us        40  4.4510us  4.4160us  4.7050us  [CUDA memcpy HtoD]
                    4.97%  121.25us        80  1.5150us     768ns  1.9840us  [CUDA memset]
                    2.39%  58.404us        10  5.8400us  5.7280us  6.0800us  [CUDA memcpy DtoH]
                    1.61%  39.392us        10  3.9390us  3.5840us  4.5120us  kernel_compute_histogram(LayerTilesGPU*, PointsPtr, int)
                    1.59%  38.819us        10  3.8810us  3.6800us  4.4490us  kernel_find_clusters(GPU::VecArray<int, int=100000>*, GPU::VecArray<int, int=20>*, PointsPtr, float, float, float, int)
      API calls:   95.40%  136.92ms        12  11.410ms  5.9520us  135.93ms  cudaMalloc
                    1.83%  2.6206ms        50  52.412us  8.3460us  209.83us  cudaMemcpy
                    1.46%  2.0956ms        12  174.64us  6.2120us  201.87us  cudaFree
                    0.48%  683.97us         1  683.97us  683.97us  683.97us  cuDeviceTotalMem
                    0.33%  478.63us        97  4.9340us     251ns  209.49us  cuDeviceGetAttribute
                    0.25%  358.38us        80  4.4790us  2.2440us  18.605us  cudaMemset
                    0.20%  286.68us        50  5.7330us  4.8190us  23.023us  cudaLaunchKernel
                    0.05%  70.352us         1  70.352us  70.352us  70.352us  cuDeviceGetName
                    0.00%  2.5160us         3     838ns     281ns  1.8040us  cuDeviceGetCount
                    0.00%  2.4140us         1  2.4140us  2.4140us  2.4140us  cuDeviceGetPCIBusId
                    0.00%  1.1920us         2     596ns     281ns     911ns  cuDeviceGet
                    0.00%     421ns         1     421ns     421ns     421ns  cuDeviceGetUuid
input file data/input/toyDetector_10000.csv
output file data/output/toyDetector_10000_3_5_5_8.csv
Start to load input points
Finished loading input points
Start to run CLUE algorithm
==5247== NVPROF is profiling process 5247, command: ./main toyDetector_10000 3 5 5 8 1 10 0
Elapsed time: 0.375486 ms
Elapsed time: 0.343265 ms
Elapsed time: 0.339819 ms
Elapsed time: 0.347053 ms
Elapsed time: 0.347374 ms
Elapsed time: 0.347393 ms
Elapsed time: 0.347092 ms
Elapsed time: 0.340159 ms
Elapsed time: 0.339217 ms
Elapsed time: 0.349106 ms
Finished running CLUE algorithm

==5247== Profiling application: ./main toyDetector_10000 3 5 5 8 1 10 0
==5247== Profiling result:
            Type  Time(%)      Time     Calls       Avg       Min       Max  Name
 GPU activities:   35.86%  922.24us        10  92.223us  91.523us  92.963us  kernel_compute_distanceToHigher(LayerTilesGPU*, PointsPtr, float, int)
                   25.18%  647.60us        10  64.760us  64.002us  65.314us  kernel_compute_density(LayerTilesGPU*, PointsPtr, float, int)
                   20.78%  534.58us        10  53.457us  50.305us  58.721us  kernel_assign_clusters(GPU::VecArray<int, int=100000> const *, GPU::VecArray<int, int=20> const *, PointsPtr, int)
                    7.56%  194.47us        40  4.8610us  4.8000us  5.1530us  [CUDA memcpy HtoD]
                    4.96%  127.62us        80  1.5950us     768ns  2.1760us  [CUDA memset]
                    2.50%  64.354us        10  6.4350us  6.3360us  6.6880us  [CUDA memcpy DtoH]
                    1.59%  40.801us        10  4.0800us  3.8720us  4.4480us  kernel_compute_histogram(LayerTilesGPU*, PointsPtr, int)
                    1.57%  40.418us        10  4.0410us  3.8730us  4.6400us  kernel_find_clusters(GPU::VecArray<int, int=100000>*, GPU::VecArray<int, int=20>*, PointsPtr, float, float, float, int)
      API calls:   95.43%  140.48ms        12  11.707ms  5.9510us  139.46ms  cudaMalloc
                    1.88%  2.7742ms        50  55.483us  8.8360us  227.01us  cudaMemcpy
                    1.42%  2.0952ms        12  174.60us  6.4020us  202.97us  cudaFree
                    0.45%  655.89us         1  655.89us  655.89us  655.89us  cuDeviceTotalMem
                    0.33%  485.48us        97  5.0040us     250ns  220.10us  cuDeviceGetAttribute
                    0.25%  365.51us        80  4.5680us  2.3650us  18.715us  cudaMemset
                    0.19%  286.04us        50  5.7200us  4.7590us  24.446us  cudaLaunchKernel
                    0.04%  66.064us         1  66.064us  66.064us  66.064us  cuDeviceGetName
                    0.00%  2.5750us         1  2.5750us  2.5750us  2.5750us  cuDeviceGetPCIBusId
                    0.00%  2.5340us         3     844ns     231ns  1.8930us  cuDeviceGetCount
                    0.00%  1.3030us         2     651ns     281ns  1.0220us  cuDeviceGet
                    0.00%     401ns         1     401ns     401ns     401ns  cuDeviceGetUuid

